<?xml version="1.0" encoding="UTF-8" ?>
<testsuites>
  <testsuite errors="0" failures="0" hostname="host-78-65-194-226.homerun.telia.com" id="0" name="DialogueManagerDoraTest" package="de.dfki.lt.tr.dialmanagement.components" tests="7" time="0.426" timestamp="2010-07-16T11:14:00">
      <properties>
[...]
</properties>

      <testcase classname="de.dfki.lt.tr.dialmanagement.components.DialogueManagerDoraTest" name="testPolicyDirect1" time="0.071" />

      <testcase classname="de.dfki.lt.tr.dialmanagement.components.DialogueManagerDoraTest" name="testPolicyDirect2" time="0.015" />

      <testcase classname="de.dfki.lt.tr.dialmanagement.components.DialogueManagerDoraTest" name="testPolicyConfirm" time="0.042" />

      <testcase classname="de.dfki.lt.tr.dialmanagement.components.DialogueManagerDoraTest" name="testPolicyDisprove" time="0.016" />

      <testcase classname="de.dfki.lt.tr.dialmanagement.components.DialogueManagerDoraTest" name="testPolicyRepeat" time="0.014" />

      <testcase classname="de.dfki.lt.tr.dialmanagement.components.DialogueManagerDoraTest" name="testPolicyRepeat2" time="0.03" />

      <testcase classname="de.dfki.lt.tr.dialmanagement.components.DialogueManagerDoraTest" name="testPolicyFailure" time="0.012" />

      <system-out><![CDATA[STRING TO PROCESS:  " Please find the cornflakes box " 
probs: 0.7 1.0
STRING TO PROCESS:  " Please find the mug " 
probs: 0.7 1.0
STRING TO PROCESS:  " Please find the cornflakes box " 
probs: 0.2 0.7
STRING TO PROCESS:  " Please find the mug " 
probs: 0.2 0.7
STRING TO PROCESS: yes
probs: 0.7 1.0
STRING TO PROCESS: no
probs: 0.7 1.0
probs: 0.0 1.0
probs: 0.0 1.0
STRING TO PROCESS:  " okay, searching for the cornflakes box! " 
STRING TO PROCESS:  " okay, searching for the mug! " 
STRING TO PROCESS:  " sorry, should I search for the cornflaxes box? " 
STRING TO PROCESS:  " sorry, should I search for the mug? " 
STRING TO PROCESS:  " sorry, could you repeat please? " 
STRING TO PROCESS:  " sorry I couldn't understand you " 
[Dialogue policy] Adding outgoing edge : I["Please find the cornflakes box"] (0.7, 1.0) from start to acknowledge1
[Dialogue policy] Adding outgoing edge : I["Please find the mug"] (0.7, 1.0) from start to acknowledge2
false
false
[Dialogue policy] Adding outgoing edge : I["Please find the cornflakes box"] (0.2, 0.7) from start to confirm1
false
false
[Dialogue policy] Adding outgoing edge : I["Please find the mug"] (0.2, 0.7) from start to confirm2
[Dialogue policy] Adding outgoing edge : I[?] (0.0, 1.0) from start to repeat
[dialmanager] yoohoo, underspecified edge!!
[Dialogue policy] Adding outgoing edge : I[*] (0.0, 1.0) from start to repeat
[Dialogue policy] Adding outgoing edge : I[yes] (0.7, 1.0) from confirm1 to acknowledge1
[Dialogue policy] Adding outgoing edge : I[?] (0.0, 1.0) from confirm1 to repeat
[dialmanager] yoohoo, underspecified edge!!
[Dialogue policy] Adding outgoing edge : I[*] (0.0, 1.0) from confirm1 to repeat
[Dialogue policy] Adding outgoing edge : I[no] (0.7, 1.0) from confirm1 to repeat
[Dialogue policy] Adding outgoing edge : I[yes] (0.7, 1.0) from confirm2 to acknowledge2
[Dialogue policy] Adding outgoing edge : I[?] (0.0, 1.0) from confirm2 to repeat
[dialmanager] yoohoo, underspecified edge!!
[Dialogue policy] Adding outgoing edge : I[*] (0.0, 1.0) from confirm2 to repeat
[Dialogue policy] Adding outgoing edge : I[no] (0.7, 1.0) from confirm2 to repeat
[Dialogue policy] Adding outgoing edge : I["Please find the cornflakes box"] (0.7, 1.0) from repeat to acknowledge1
[Dialogue policy] Adding outgoing edge : I["Please find the mug"] (0.7, 1.0) from repeat to acknowledge2
false
false
[Dialogue policy] Adding outgoing edge : I["Please find the cornflakes box"] (0.2, 0.7) from repeat to confirm1
false
false
[Dialogue policy] Adding outgoing edge : I["Please find the mug"] (0.2, 0.7) from repeat to confirm2
[Dialogue policy] Adding outgoing edge : I[?] (0.0, 1.0) from repeat to failure
STRING TO PROCESS:  " Please find the cornflakes box " 
probs: 1.0 1.0
false
true
false
true
false
true
STRING TO PROCESS:  " Please find the cornflakes box " 
probs: 0.7 1.0
STRING TO PROCESS:  " Please find the mug " 
probs: 0.7 1.0
STRING TO PROCESS:  " Please find the cornflakes box " 
probs: 0.2 0.7
STRING TO PROCESS:  " Please find the mug " 
probs: 0.2 0.7
STRING TO PROCESS: yes
probs: 0.7 1.0
STRING TO PROCESS: no
probs: 0.7 1.0
probs: 0.0 1.0
probs: 0.0 1.0
STRING TO PROCESS:  " okay, searching for the cornflakes box! " 
STRING TO PROCESS:  " okay, searching for the mug! " 
STRING TO PROCESS:  " sorry, should I search for the cornflaxes box? " 
STRING TO PROCESS:  " sorry, should I search for the mug? " 
STRING TO PROCESS:  " sorry, could you repeat please? " 
STRING TO PROCESS:  " sorry I couldn't understand you " 
[Dialogue policy] Adding outgoing edge : I["Please find the cornflakes box"] (0.7, 1.0) from start to acknowledge1
[Dialogue policy] Adding outgoing edge : I["Please find the mug"] (0.7, 1.0) from start to acknowledge2
false
false
[Dialogue policy] Adding outgoing edge : I["Please find the cornflakes box"] (0.2, 0.7) from start to confirm1
false
false
[Dialogue policy] Adding outgoing edge : I["Please find the mug"] (0.2, 0.7) from start to confirm2
[Dialogue policy] Adding outgoing edge : I[?] (0.0, 1.0) from start to repeat
[dialmanager] yoohoo, underspecified edge!!
[Dialogue policy] Adding outgoing edge : I[*] (0.0, 1.0) from start to repeat
[Dialogue policy] Adding outgoing edge : I[yes] (0.7, 1.0) from confirm1 to acknowledge1
[Dialogue policy] Adding outgoing edge : I[?] (0.0, 1.0) from confirm1 to repeat
[dialmanager] yoohoo, underspecified edge!!
[Dialogue policy] Adding outgoing edge : I[*] (0.0, 1.0) from confirm1 to repeat
[Dialogue policy] Adding outgoing edge : I[no] (0.7, 1.0) from confirm1 to repeat
[Dialogue policy] Adding outgoing edge : I[yes] (0.7, 1.0) from confirm2 to acknowledge2
[Dialogue policy] Adding outgoing edge : I[?] (0.0, 1.0) from confirm2 to repeat
[dialmanager] yoohoo, underspecified edge!!
[Dialogue policy] Adding outgoing edge : I[*] (0.0, 1.0) from confirm2 to repeat
[Dialogue policy] Adding outgoing edge : I[no] (0.7, 1.0) from confirm2 to repeat
[Dialogue policy] Adding outgoing edge : I["Please find the cornflakes box"] (0.7, 1.0) from repeat to acknowledge1
[Dialogue policy] Adding outgoing edge : I["Please find the mug"] (0.7, 1.0) from repeat to acknowledge2
false
false
[Dialogue policy] Adding outgoing edge : I["Please find the cornflakes box"] (0.2, 0.7) from repeat to confirm1
false
false
[Dialogue policy] Adding outgoing edge : I["Please find the mug"] (0.2, 0.7) from repeat to confirm2
[Dialogue policy] Adding outgoing edge : I[?] (0.0, 1.0) from repeat to failure
STRING TO PROCESS:  " Please find the mug " 
probs: 1.0 1.0
false
true
false
true
false
true
STRING TO PROCESS:  " Please find the cornflakes box " 
probs: 0.7 1.0
STRING TO PROCESS:  " Please find the mug " 
probs: 0.7 1.0
STRING TO PROCESS:  " Please find the cornflakes box " 
probs: 0.2 0.7
STRING TO PROCESS:  " Please find the mug " 
probs: 0.2 0.7
STRING TO PROCESS: yes
probs: 0.7 1.0
STRING TO PROCESS: no
probs: 0.7 1.0
probs: 0.0 1.0
probs: 0.0 1.0
STRING TO PROCESS:  " okay, searching for the cornflakes box! " 
STRING TO PROCESS:  " okay, searching for the mug! " 
STRING TO PROCESS:  " sorry, should I search for the cornflaxes box? " 
STRING TO PROCESS:  " sorry, should I search for the mug? " 
STRING TO PROCESS:  " sorry, could you repeat please? " 
STRING TO PROCESS:  " sorry I couldn't understand you " 
[Dialogue policy] Adding outgoing edge : I["Please find the cornflakes box"] (0.7, 1.0) from start to acknowledge1
[Dialogue policy] Adding outgoing edge : I["Please find the mug"] (0.7, 1.0) from start to acknowledge2
false
false
[Dialogue policy] Adding outgoing edge : I["Please find the cornflakes box"] (0.2, 0.7) from start to confirm1
false
false
[Dialogue policy] Adding outgoing edge : I["Please find the mug"] (0.2, 0.7) from start to confirm2
[Dialogue policy] Adding outgoing edge : I[?] (0.0, 1.0) from start to repeat
[dialmanager] yoohoo, underspecified edge!!
[Dialogue policy] Adding outgoing edge : I[*] (0.0, 1.0) from start to repeat
[Dialogue policy] Adding outgoing edge : I[yes] (0.7, 1.0) from confirm1 to acknowledge1
[Dialogue policy] Adding outgoing edge : I[?] (0.0, 1.0) from confirm1 to repeat
[dialmanager] yoohoo, underspecified edge!!
[Dialogue policy] Adding outgoing edge : I[*] (0.0, 1.0) from confirm1 to repeat
[Dialogue policy] Adding outgoing edge : I[no] (0.7, 1.0) from confirm1 to repeat
[Dialogue policy] Adding outgoing edge : I[yes] (0.7, 1.0) from confirm2 to acknowledge2
[Dialogue policy] Adding outgoing edge : I[?] (0.0, 1.0) from confirm2 to repeat
[dialmanager] yoohoo, underspecified edge!!
[Dialogue policy] Adding outgoing edge : I[*] (0.0, 1.0) from confirm2 to repeat
[Dialogue policy] Adding outgoing edge : I[no] (0.7, 1.0) from confirm2 to repeat
[Dialogue policy] Adding outgoing edge : I["Please find the cornflakes box"] (0.7, 1.0) from repeat to acknowledge1
[Dialogue policy] Adding outgoing edge : I["Please find the mug"] (0.7, 1.0) from repeat to acknowledge2
false
false
[Dialogue policy] Adding outgoing edge : I["Please find the cornflakes box"] (0.2, 0.7) from repeat to confirm1
false
false
[Dialogue policy] Adding outgoing edge : I["Please find the mug"] (0.2, 0.7) from repeat to confirm2
[Dialogue policy] Adding outgoing edge : I[?] (0.0, 1.0) from repeat to failure
STRING TO PROCESS:  " Please find the cornflakes box " 
probs: 0.4 0.4
true
true
true
STRING TO PROCESS: yes
probs: 0.8 0.8
true
true
true
STRING TO PROCESS:  " Please find the cornflakes box " 
probs: 0.7 1.0
STRING TO PROCESS:  " Please find the mug " 
probs: 0.7 1.0
STRING TO PROCESS:  " Please find the cornflakes box " 
probs: 0.2 0.7
STRING TO PROCESS:  " Please find the mug " 
probs: 0.2 0.7
STRING TO PROCESS: yes
probs: 0.7 1.0
STRING TO PROCESS: no
probs: 0.7 1.0
probs: 0.0 1.0
probs: 0.0 1.0
STRING TO PROCESS:  " okay, searching for the cornflakes box! " 
STRING TO PROCESS:  " okay, searching for the mug! " 
STRING TO PROCESS:  " sorry, should I search for the cornflaxes box? " 
STRING TO PROCESS:  " sorry, should I search for the mug? " 
STRING TO PROCESS:  " sorry, could you repeat please? " 
STRING TO PROCESS:  " sorry I couldn't understand you " 
[Dialogue policy] Adding outgoing edge : I["Please find the cornflakes box"] (0.7, 1.0) from start to acknowledge1
[Dialogue policy] Adding outgoing edge : I["Please find the mug"] (0.7, 1.0) from start to acknowledge2
false
false
[Dialogue policy] Adding outgoing edge : I["Please find the cornflakes box"] (0.2, 0.7) from start to confirm1
false
false
[Dialogue policy] Adding outgoing edge : I["Please find the mug"] (0.2, 0.7) from start to confirm2
[Dialogue policy] Adding outgoing edge : I[?] (0.0, 1.0) from start to repeat
[dialmanager] yoohoo, underspecified edge!!
[Dialogue policy] Adding outgoing edge : I[*] (0.0, 1.0) from start to repeat
[Dialogue policy] Adding outgoing edge : I[yes] (0.7, 1.0) from confirm1 to acknowledge1
[Dialogue policy] Adding outgoing edge : I[?] (0.0, 1.0) from confirm1 to repeat
[dialmanager] yoohoo, underspecified edge!!
[Dialogue policy] Adding outgoing edge : I[*] (0.0, 1.0) from confirm1 to repeat
[Dialogue policy] Adding outgoing edge : I[no] (0.7, 1.0) from confirm1 to repeat
[Dialogue policy] Adding outgoing edge : I[yes] (0.7, 1.0) from confirm2 to acknowledge2
[Dialogue policy] Adding outgoing edge : I[?] (0.0, 1.0) from confirm2 to repeat
[dialmanager] yoohoo, underspecified edge!!
[Dialogue policy] Adding outgoing edge : I[*] (0.0, 1.0) from confirm2 to repeat
[Dialogue policy] Adding outgoing edge : I[no] (0.7, 1.0) from confirm2 to repeat
[Dialogue policy] Adding outgoing edge : I["Please find the cornflakes box"] (0.7, 1.0) from repeat to acknowledge1
[Dialogue policy] Adding outgoing edge : I["Please find the mug"] (0.7, 1.0) from repeat to acknowledge2
false
false
[Dialogue policy] Adding outgoing edge : I["Please find the cornflakes box"] (0.2, 0.7) from repeat to confirm1
false
false
[Dialogue policy] Adding outgoing edge : I["Please find the mug"] (0.2, 0.7) from repeat to confirm2
[Dialogue policy] Adding outgoing edge : I[?] (0.0, 1.0) from repeat to failure
STRING TO PROCESS:  " Please find the cornflakes box " 
probs: 0.4 0.4
true
true
true
STRING TO PROCESS: no
probs: 0.8 0.8
true
true
true
STRING TO PROCESS:  " Please find the mug " 
probs: 1.0 1.0
false
true
false
true
false
true
STRING TO PROCESS:  " Please find the cornflakes box " 
probs: 0.7 1.0
STRING TO PROCESS:  " Please find the mug " 
probs: 0.7 1.0
STRING TO PROCESS:  " Please find the cornflakes box " 
probs: 0.2 0.7
STRING TO PROCESS:  " Please find the mug " 
probs: 0.2 0.7
STRING TO PROCESS: yes
probs: 0.7 1.0
STRING TO PROCESS: no
probs: 0.7 1.0
probs: 0.0 1.0
probs: 0.0 1.0
STRING TO PROCESS:  " okay, searching for the cornflakes box! " 
STRING TO PROCESS:  " okay, searching for the mug! " 
STRING TO PROCESS:  " sorry, should I search for the cornflaxes box? " 
STRING TO PROCESS:  " sorry, should I search for the mug? " 
STRING TO PROCESS:  " sorry, could you repeat please? " 
STRING TO PROCESS:  " sorry I couldn't understand you " 
[Dialogue policy] Adding outgoing edge : I["Please find the cornflakes box"] (0.7, 1.0) from start to acknowledge1
[Dialogue policy] Adding outgoing edge : I["Please find the mug"] (0.7, 1.0) from start to acknowledge2
false
false
[Dialogue policy] Adding outgoing edge : I["Please find the cornflakes box"] (0.2, 0.7) from start to confirm1
false
false
[Dialogue policy] Adding outgoing edge : I["Please find the mug"] (0.2, 0.7) from start to confirm2
[Dialogue policy] Adding outgoing edge : I[?] (0.0, 1.0) from start to repeat
[dialmanager] yoohoo, underspecified edge!!
[Dialogue policy] Adding outgoing edge : I[*] (0.0, 1.0) from start to repeat
[Dialogue policy] Adding outgoing edge : I[yes] (0.7, 1.0) from confirm1 to acknowledge1
[Dialogue policy] Adding outgoing edge : I[?] (0.0, 1.0) from confirm1 to repeat
[dialmanager] yoohoo, underspecified edge!!
[Dialogue policy] Adding outgoing edge : I[*] (0.0, 1.0) from confirm1 to repeat
[Dialogue policy] Adding outgoing edge : I[no] (0.7, 1.0) from confirm1 to repeat
[Dialogue policy] Adding outgoing edge : I[yes] (0.7, 1.0) from confirm2 to acknowledge2
[Dialogue policy] Adding outgoing edge : I[?] (0.0, 1.0) from confirm2 to repeat
[dialmanager] yoohoo, underspecified edge!!
[Dialogue policy] Adding outgoing edge : I[*] (0.0, 1.0) from confirm2 to repeat
[Dialogue policy] Adding outgoing edge : I[no] (0.7, 1.0) from confirm2 to repeat
[Dialogue policy] Adding outgoing edge : I["Please find the cornflakes box"] (0.7, 1.0) from repeat to acknowledge1
[Dialogue policy] Adding outgoing edge : I["Please find the mug"] (0.7, 1.0) from repeat to acknowledge2
false
false
[Dialogue policy] Adding outgoing edge : I["Please find the cornflakes box"] (0.2, 0.7) from repeat to confirm1
false
false
[Dialogue policy] Adding outgoing edge : I["Please find the mug"] (0.2, 0.7) from repeat to confirm2
[Dialogue policy] Adding outgoing edge : I[?] (0.0, 1.0) from repeat to failure
probs: 0.8 0.8
true
true
true
STRING TO PROCESS:  " Please find the cornflakes box " 
probs: 0.4 0.4
true
true
true
STRING TO PROCESS: yes
probs: 0.8 0.8
true
true
true
STRING TO PROCESS:  " Please find the cornflakes box " 
probs: 0.7 1.0
STRING TO PROCESS:  " Please find the mug " 
probs: 0.7 1.0
STRING TO PROCESS:  " Please find the cornflakes box " 
probs: 0.2 0.7
STRING TO PROCESS:  " Please find the mug " 
probs: 0.2 0.7
STRING TO PROCESS: yes
probs: 0.7 1.0
STRING TO PROCESS: no
probs: 0.7 1.0
probs: 0.0 1.0
probs: 0.0 1.0
STRING TO PROCESS:  " okay, searching for the cornflakes box! " 
STRING TO PROCESS:  " okay, searching for the mug! " 
STRING TO PROCESS:  " sorry, should I search for the cornflaxes box? " 
STRING TO PROCESS:  " sorry, should I search for the mug? " 
STRING TO PROCESS:  " sorry, could you repeat please? " 
STRING TO PROCESS:  " sorry I couldn't understand you " 
[Dialogue policy] Adding outgoing edge : I["Please find the cornflakes box"] (0.7, 1.0) from start to acknowledge1
[Dialogue policy] Adding outgoing edge : I["Please find the mug"] (0.7, 1.0) from start to acknowledge2
false
false
[Dialogue policy] Adding outgoing edge : I["Please find the cornflakes box"] (0.2, 0.7) from start to confirm1
false
false
[Dialogue policy] Adding outgoing edge : I["Please find the mug"] (0.2, 0.7) from start to confirm2
[Dialogue policy] Adding outgoing edge : I[?] (0.0, 1.0) from start to repeat
[dialmanager] yoohoo, underspecified edge!!
[Dialogue policy] Adding outgoing edge : I[*] (0.0, 1.0) from start to repeat
[Dialogue policy] Adding outgoing edge : I[yes] (0.7, 1.0) from confirm1 to acknowledge1
[Dialogue policy] Adding outgoing edge : I[?] (0.0, 1.0) from confirm1 to repeat
[dialmanager] yoohoo, underspecified edge!!
[Dialogue policy] Adding outgoing edge : I[*] (0.0, 1.0) from confirm1 to repeat
[Dialogue policy] Adding outgoing edge : I[no] (0.7, 1.0) from confirm1 to repeat
[Dialogue policy] Adding outgoing edge : I[yes] (0.7, 1.0) from confirm2 to acknowledge2
[Dialogue policy] Adding outgoing edge : I[?] (0.0, 1.0) from confirm2 to repeat
[dialmanager] yoohoo, underspecified edge!!
[Dialogue policy] Adding outgoing edge : I[*] (0.0, 1.0) from confirm2 to repeat
[Dialogue policy] Adding outgoing edge : I[no] (0.7, 1.0) from confirm2 to repeat
[Dialogue policy] Adding outgoing edge : I["Please find the cornflakes box"] (0.7, 1.0) from repeat to acknowledge1
[Dialogue policy] Adding outgoing edge : I["Please find the mug"] (0.7, 1.0) from repeat to acknowledge2
false
false
[Dialogue policy] Adding outgoing edge : I["Please find the cornflakes box"] (0.2, 0.7) from repeat to confirm1
false
false
[Dialogue policy] Adding outgoing edge : I["Please find the mug"] (0.2, 0.7) from repeat to confirm2
[Dialogue policy] Adding outgoing edge : I[?] (0.0, 1.0) from repeat to failure
STRING TO PROCESS:  " bla bla bla " 
probs: 0.8 0.8
false
false
false
false
false
true
[dialmanager] using underspecified observations for obs: I["bla bla bla"] (0.8, 0.8)
false
false
false
false
false
true
STRING TO PROCESS:  " Please find the cornflakes box " 
probs: 0.4 0.4
true
true
true
STRING TO PROCESS: yes
probs: 0.8 0.8
true
true
true
STRING TO PROCESS:  " Please find the cornflakes box " 
probs: 0.7 1.0
STRING TO PROCESS:  " Please find the mug " 
probs: 0.7 1.0
STRING TO PROCESS:  " Please find the cornflakes box " 
probs: 0.2 0.7
STRING TO PROCESS:  " Please find the mug " 
probs: 0.2 0.7
STRING TO PROCESS: yes
probs: 0.7 1.0
STRING TO PROCESS: no
probs: 0.7 1.0
probs: 0.0 1.0
probs: 0.0 1.0
STRING TO PROCESS:  " okay, searching for the cornflakes box! " 
STRING TO PROCESS:  " okay, searching for the mug! " 
STRING TO PROCESS:  " sorry, should I search for the cornflaxes box? " 
STRING TO PROCESS:  " sorry, should I search for the mug? " 
STRING TO PROCESS:  " sorry, could you repeat please? " 
STRING TO PROCESS:  " sorry I couldn't understand you " 
[Dialogue policy] Adding outgoing edge : I["Please find the cornflakes box"] (0.7, 1.0) from start to acknowledge1
[Dialogue policy] Adding outgoing edge : I["Please find the mug"] (0.7, 1.0) from start to acknowledge2
false
false
[Dialogue policy] Adding outgoing edge : I["Please find the cornflakes box"] (0.2, 0.7) from start to confirm1
false
false
[Dialogue policy] Adding outgoing edge : I["Please find the mug"] (0.2, 0.7) from start to confirm2
[Dialogue policy] Adding outgoing edge : I[?] (0.0, 1.0) from start to repeat
[dialmanager] yoohoo, underspecified edge!!
[Dialogue policy] Adding outgoing edge : I[*] (0.0, 1.0) from start to repeat
[Dialogue policy] Adding outgoing edge : I[yes] (0.7, 1.0) from confirm1 to acknowledge1
[Dialogue policy] Adding outgoing edge : I[?] (0.0, 1.0) from confirm1 to repeat
[dialmanager] yoohoo, underspecified edge!!
[Dialogue policy] Adding outgoing edge : I[*] (0.0, 1.0) from confirm1 to repeat
[Dialogue policy] Adding outgoing edge : I[no] (0.7, 1.0) from confirm1 to repeat
[Dialogue policy] Adding outgoing edge : I[yes] (0.7, 1.0) from confirm2 to acknowledge2
[Dialogue policy] Adding outgoing edge : I[?] (0.0, 1.0) from confirm2 to repeat
[dialmanager] yoohoo, underspecified edge!!
[Dialogue policy] Adding outgoing edge : I[*] (0.0, 1.0) from confirm2 to repeat
[Dialogue policy] Adding outgoing edge : I[no] (0.7, 1.0) from confirm2 to repeat
[Dialogue policy] Adding outgoing edge : I["Please find the cornflakes box"] (0.7, 1.0) from repeat to acknowledge1
[Dialogue policy] Adding outgoing edge : I["Please find the mug"] (0.7, 1.0) from repeat to acknowledge2
false
false
[Dialogue policy] Adding outgoing edge : I["Please find the cornflakes box"] (0.2, 0.7) from repeat to confirm1
false
false
[Dialogue policy] Adding outgoing edge : I["Please find the mug"] (0.2, 0.7) from repeat to confirm2
[Dialogue policy] Adding outgoing edge : I[?] (0.0, 1.0) from repeat to failure
probs: 0.8 0.8
true
true
true
probs: 0.8 0.8
true
true
true
]]></system-out>

      <system-err />

  </testsuite>
  <testsuite errors="0" failures="0" hostname="host-78-65-194-226.homerun.telia.com" id="1" name="DialogueManagerTest" package="de.dfki.lt.tr.dialmanagement.components" tests="2" time="0.251" timestamp="2010-07-16T11:14:01">
      <properties>
[...]
</properties>

      <testcase classname="de.dfki.lt.tr.dialmanagement.components.DialogueManagerTest" name="testPolicy" time="0.037" />

      <testcase classname="de.dfki.lt.tr.dialmanagement.components.DialogueManagerTest" name="testWrongPolicy" time="0.0050" />

      <system-out><![CDATA[[Dialogue policy] Adding outgoing edge : one (0.0, 1.0) from start to action1
[Dialogue policy] Adding outgoing edge : two (0.0, 1.0) from start to action1
[Dialogue policy] Adding outgoing edge : three (0.0, 1.0) from start to action2
[Dialogue policy] Adding outgoing edge : four (0.0, 1.0) from action1 to end1
[Dialogue policy] Adding outgoing edge : five (0.0, 1.0) from action2 to action3
[Dialogue policy] Adding outgoing edge : six (0.0, 1.0) from action3 to end2
[dialmanager test] init node""
[dialmanager test] observing one (1.0, 1.0)
[dialmanager test] cur action: "act 1"
[dialmanager test] observing four (1.0, 1.0)
[dialmanager test] cur action: ""
[Dialogue policy] Adding outgoing edge : one (0.0, 1.0) from start to action1
[Dialogue policy] Adding outgoing edge : two (0.0, 1.0) from start to action1
[Dialogue policy] Adding outgoing edge : three (0.0, 1.0) from start to action2
[Dialogue policy] Adding outgoing edge : four (0.0, 1.0) from action1 to end1
[Dialogue policy] Adding outgoing edge : five (0.0, 1.0) from action2 to action3
[Dialogue policy] Adding outgoing edge : six (0.0, 1.0) from action3 to end2
[dialmanager test] init node""
[dialmanager] Warning: observation six (1.0, 1.0) not applicable from node start
[dialmanager] available observations: 
[dialmanager] obs: two (0.0, 1.0)
[dialmanager] obs: one (0.0, 1.0)
[dialmanager] obs: three (0.0, 1.0)
]]></system-out>

      <system-err />

  </testsuite>
  <testsuite errors="0" failures="0" hostname="host-78-65-194-226.homerun.telia.com" id="2" name="DialogueManagerWithEpObjectTest" package="de.dfki.lt.tr.dialmanagement.components" tests="2" time="0.274" timestamp="2010-07-16T11:14:02">
      <properties>
[...]
</properties>

      <testcase classname="de.dfki.lt.tr.dialmanagement.components.DialogueManagerWithEpObjectTest" name="testPolicyWithSimpleIntention" time="0.053" />

      <testcase classname="de.dfki.lt.tr.dialmanagement.components.DialogueManagerWithEpObjectTest" name="testPolicyWithUncertainIntentions" time="0.015" />

      <system-out><![CDATA[STRING TO PROCESS:  " Please find the cornflakes box " 
probs: 0.7 1.0
STRING TO PROCESS:  " Please find the mug " 
probs: 0.7 1.0
STRING TO PROCESS:  " Please find the cornflakes box " 
probs: 0.2 0.7
STRING TO PROCESS:  " Please find the mug " 
probs: 0.2 0.7
STRING TO PROCESS: yes
probs: 0.7 1.0
STRING TO PROCESS: no
probs: 0.7 1.0
probs: 0.0 1.0
probs: 0.0 1.0
STRING TO PROCESS:  " okay, searching for the cornflakes box! " 
STRING TO PROCESS:  " okay, searching for the mug! " 
STRING TO PROCESS:  " sorry, should I search for the cornflaxes box? " 
STRING TO PROCESS:  " sorry, should I search for the mug? " 
STRING TO PROCESS:  " sorry, could you repeat please? " 
STRING TO PROCESS:  " sorry I couldn't understand you " 
[Dialogue policy] Adding outgoing edge : I["Please find the cornflakes box"] (0.7, 1.0) from start to acknowledge1
[Dialogue policy] Adding outgoing edge : I["Please find the mug"] (0.7, 1.0) from start to acknowledge2
false
false
[Dialogue policy] Adding outgoing edge : I["Please find the cornflakes box"] (0.2, 0.7) from start to confirm1
false
false
[Dialogue policy] Adding outgoing edge : I["Please find the mug"] (0.2, 0.7) from start to confirm2
[Dialogue policy] Adding outgoing edge : I[?] (0.0, 1.0) from start to repeat
[dialmanager] yoohoo, underspecified edge!!
[Dialogue policy] Adding outgoing edge : I[*] (0.0, 1.0) from start to repeat
[Dialogue policy] Adding outgoing edge : I[yes] (0.7, 1.0) from confirm1 to acknowledge1
[Dialogue policy] Adding outgoing edge : I[?] (0.0, 1.0) from confirm1 to repeat
[dialmanager] yoohoo, underspecified edge!!
[Dialogue policy] Adding outgoing edge : I[*] (0.0, 1.0) from confirm1 to repeat
[Dialogue policy] Adding outgoing edge : I[no] (0.7, 1.0) from confirm1 to repeat
[Dialogue policy] Adding outgoing edge : I[yes] (0.7, 1.0) from confirm2 to acknowledge2
[Dialogue policy] Adding outgoing edge : I[?] (0.0, 1.0) from confirm2 to repeat
[dialmanager] yoohoo, underspecified edge!!
[Dialogue policy] Adding outgoing edge : I[*] (0.0, 1.0) from confirm2 to repeat
[Dialogue policy] Adding outgoing edge : I[no] (0.7, 1.0) from confirm2 to repeat
[Dialogue policy] Adding outgoing edge : I["Please find the cornflakes box"] (0.7, 1.0) from repeat to acknowledge1
[Dialogue policy] Adding outgoing edge : I["Please find the mug"] (0.7, 1.0) from repeat to acknowledge2
false
false
[Dialogue policy] Adding outgoing edge : I["Please find the cornflakes box"] (0.2, 0.7) from repeat to confirm1
false
false
[Dialogue policy] Adding outgoing edge : I["Please find the mug"] (0.2, 0.7) from repeat to confirm2
[Dialogue policy] Adding outgoing edge : I[?] (0.0, 1.0) from repeat to failure
STRING TO PROCESS:  " Please find the cornflakes box " 
probs: 0.8 0.8
[dialmanager] testing observation: I["Please find the cornflakes box"] (0.8, 0.8)
false
true
false
true
false
true
STRING TO PROCESS:  " okay, searching for the cornflakes box! " 
STRING TO PROCESS:  " Please find the cornflakes box " 
probs: 0.7 1.0
STRING TO PROCESS:  " Please find the mug " 
probs: 0.7 1.0
STRING TO PROCESS:  " Please find the cornflakes box " 
probs: 0.2 0.7
STRING TO PROCESS:  " Please find the mug " 
probs: 0.2 0.7
STRING TO PROCESS: yes
probs: 0.7 1.0
STRING TO PROCESS: no
probs: 0.7 1.0
probs: 0.0 1.0
probs: 0.0 1.0
STRING TO PROCESS:  " okay, searching for the cornflakes box! " 
STRING TO PROCESS:  " okay, searching for the mug! " 
STRING TO PROCESS:  " sorry, should I search for the cornflaxes box? " 
STRING TO PROCESS:  " sorry, should I search for the mug? " 
STRING TO PROCESS:  " sorry, could you repeat please? " 
STRING TO PROCESS:  " sorry I couldn't understand you " 
[Dialogue policy] Adding outgoing edge : I["Please find the cornflakes box"] (0.7, 1.0) from start to acknowledge1
[Dialogue policy] Adding outgoing edge : I["Please find the mug"] (0.7, 1.0) from start to acknowledge2
false
false
[Dialogue policy] Adding outgoing edge : I["Please find the cornflakes box"] (0.2, 0.7) from start to confirm1
false
false
[Dialogue policy] Adding outgoing edge : I["Please find the mug"] (0.2, 0.7) from start to confirm2
[Dialogue policy] Adding outgoing edge : I[?] (0.0, 1.0) from start to repeat
[dialmanager] yoohoo, underspecified edge!!
[Dialogue policy] Adding outgoing edge : I[*] (0.0, 1.0) from start to repeat
[Dialogue policy] Adding outgoing edge : I[yes] (0.7, 1.0) from confirm1 to acknowledge1
[Dialogue policy] Adding outgoing edge : I[?] (0.0, 1.0) from confirm1 to repeat
[dialmanager] yoohoo, underspecified edge!!
[Dialogue policy] Adding outgoing edge : I[*] (0.0, 1.0) from confirm1 to repeat
[Dialogue policy] Adding outgoing edge : I[no] (0.7, 1.0) from confirm1 to repeat
[Dialogue policy] Adding outgoing edge : I[yes] (0.7, 1.0) from confirm2 to acknowledge2
[Dialogue policy] Adding outgoing edge : I[?] (0.0, 1.0) from confirm2 to repeat
[dialmanager] yoohoo, underspecified edge!!
[Dialogue policy] Adding outgoing edge : I[*] (0.0, 1.0) from confirm2 to repeat
[Dialogue policy] Adding outgoing edge : I[no] (0.7, 1.0) from confirm2 to repeat
[Dialogue policy] Adding outgoing edge : I["Please find the cornflakes box"] (0.7, 1.0) from repeat to acknowledge1
[Dialogue policy] Adding outgoing edge : I["Please find the mug"] (0.7, 1.0) from repeat to acknowledge2
false
false
[Dialogue policy] Adding outgoing edge : I["Please find the cornflakes box"] (0.2, 0.7) from repeat to confirm1
false
false
[Dialogue policy] Adding outgoing edge : I["Please find the mug"] (0.2, 0.7) from repeat to confirm2
[Dialogue policy] Adding outgoing edge : I[?] (0.0, 1.0) from repeat to failure
STRING TO PROCESS:  " bla bla bla " 
STRING TO PROCESS:  " Please find the cornflakes box " 
probs: 0.7 0.7
[dialmanager] testing observation: I["bla bla bla"] (0.7, 0.7)
[dialmanager] Warning: observation I["bla bla bla"] (0.7, 0.7) not applicable from node start
[dialmanager] available observations: 
[dialmanager] obs: I["Please find the cornflakes box"] (0.2, 0.7)
[dialmanager] obs: I["Please find the cornflakes box"] (0.7, 1.0)
[dialmanager] obs: I["Please find the mug"] (0.2, 0.7)
[dialmanager] obs: I["Please find the mug"] (0.7, 1.0)
[dialmanager] obs: I[?] (0.0, 1.0)
[dialmanager] obs: I[*] (0.0, 1.0)
probs: 0.3 0.3
[dialmanager] testing observation: I["Please find the cornflakes box"] (0.3, 0.3)
true
true
true
STRING TO PROCESS:  " sorry, should I search for the cornflaxes box? " 
]]></system-out>

      <system-err />

  </testsuite>
  <testsuite errors="0" failures="0" hostname="host-78-65-194-226.homerun.telia.com" id="3" name="InteractiveDoraTest" package="de.dfki.lt.tr.dialmanagement.components" tests="1" time="0.22" timestamp="2010-07-16T11:14:03">
      <properties>
[...]
</properties>

      <testcase classname="de.dfki.lt.tr.dialmanagement.components.InteractiveDoraTest" name="dummy" time="0.0010" />

      <system-out />

      <system-err />

  </testsuite>
  <testsuite errors="0" failures="0" hostname="host-78-65-194-226.homerun.telia.com" id="4" name="DialoguePolicyTest" package="de.dfki.lt.tr.dialmanagement.data" tests="2" time="0.774" timestamp="2010-07-16T11:14:03">
      <properties>
[...]
</properties>

      <testcase classname="de.dfki.lt.tr.dialmanagement.data.DialoguePolicyTest" name="minimalPolicyConstruction" time="0.0030" />

      <testcase classname="de.dfki.lt.tr.dialmanagement.data.DialoguePolicyTest" name="randomPolicyConstructions" time="0.568" />

      <system-out><![CDATA[[Dialogue policy] Adding outgoing edge : edge (1.0, 1.0) from start to end
[Dialogue policy] Adding outgoing edge : id2 (1.0, 1.0) from start to id4
[Dialogue policy] Adding outgoing edge : id6 (1.0, 1.0) from start to id8
[Dialogue policy] Adding outgoing edge : id10 (1.0, 1.0) from id8 to id12
[Dialogue policy] Adding outgoing edge : id14 (1.0, 1.0) from id12 to id16
[Dialogue policy] Adding outgoing edge : id18 (1.0, 1.0) from id16 to id20
[Dialogue policy] Adding outgoing edge : id22 (1.0, 1.0) from id16 to id24
[Dialogue policy] Adding outgoing edge : id26 (1.0, 1.0) from start to id28
[Dialogue policy] Adding outgoing edge : id30 (1.0, 1.0) from id28 to id32
[Dialogue policy] Adding outgoing edge : id34 (1.0, 1.0) from id32 to id36
[Dialogue policy] Adding outgoing edge : id38 (1.0, 1.0) from id36 to id40
[Dialogue policy] Adding outgoing edge : id42 (1.0, 1.0) from id36 to id44
[Dialogue policy] Adding outgoing edge : id46 (1.0, 1.0) from id36 to id48
[Dialogue policy] Adding outgoing edge : id50 (1.0, 1.0) from id32 to id52
[Dialogue policy] Adding outgoing edge : id54 (1.0, 1.0) from id52 to id56
[Dialogue policy] Adding outgoing edge : id59 (1.0, 1.0) from start to id61
[Dialogue policy] Adding outgoing edge : id63 (1.0, 1.0) from id61 to id65
[Dialogue policy] Adding outgoing edge : id67 (1.0, 1.0) from id65 to id69
[Dialogue policy] Adding outgoing edge : id71 (1.0, 1.0) from id69 to id73
[Dialogue policy] Adding outgoing edge : id75 (1.0, 1.0) from id69 to id77
[Dialogue policy] Adding outgoing edge : id79 (1.0, 1.0) from id69 to id81
[Dialogue policy] Adding outgoing edge : id83 (1.0, 1.0) from id65 to id85
[Dialogue policy] Adding outgoing edge : id87 (1.0, 1.0) from id85 to id89
[Dialogue policy] Adding outgoing edge : id91 (1.0, 1.0) from id85 to id93
[Dialogue policy] Adding outgoing edge : id95 (1.0, 1.0) from id65 to id97
[Dialogue policy] Adding outgoing edge : id99 (1.0, 1.0) from id97 to id101
[Dialogue policy] Adding outgoing edge : id103 (1.0, 1.0) from id97 to id105
[Dialogue policy] Adding outgoing edge : id107 (1.0, 1.0) from id97 to id109
[Dialogue policy] Adding outgoing edge : id111 (1.0, 1.0) from id97 to id113
[Dialogue policy] Adding outgoing edge : id115 (1.0, 1.0) from id65 to id117
[Dialogue policy] Adding outgoing edge : id119 (1.0, 1.0) from id117 to id121
[Dialogue policy] Adding outgoing edge : id123 (1.0, 1.0) from id117 to id125
[Dialogue policy] Adding outgoing edge : id127 (1.0, 1.0) from id117 to id129
[Dialogue policy] Adding outgoing edge : id131 (1.0, 1.0) from id117 to id133
[Dialogue policy] Adding outgoing edge : id135 (1.0, 1.0) from id61 to id137
[Dialogue policy] Adding outgoing edge : id139 (1.0, 1.0) from id137 to id141
[Dialogue policy] Adding outgoing edge : id143 (1.0, 1.0) from start to id145
[Dialogue policy] Adding outgoing edge : id147 (1.0, 1.0) from id145 to id149
[Dialogue policy] Adding outgoing edge : id151 (1.0, 1.0) from id149 to id153
[Dialogue policy] Adding outgoing edge : id155 (1.0, 1.0) from id149 to id157
[Dialogue policy] Adding outgoing edge : id159 (1.0, 1.0) from id157 to id161
[Dialogue policy] Adding outgoing edge : id163 (1.0, 1.0) from id157 to id165
[Dialogue policy] Adding outgoing edge : id167 (1.0, 1.0) from id157 to id169
[Dialogue policy] Adding outgoing edge : id171 (1.0, 1.0) from id157 to id173
[Dialogue policy] Adding outgoing edge : id175 (1.0, 1.0) from id157 to id177
[Dialogue policy] Adding outgoing edge : id179 (1.0, 1.0) from id149 to id181
[Dialogue policy] Adding outgoing edge : id183 (1.0, 1.0) from id181 to id185
[Dialogue policy] Adding outgoing edge : id187 (1.0, 1.0) from id181 to id189
[Dialogue policy] Adding outgoing edge : id191 (1.0, 1.0) from id181 to id193
[Dialogue policy] Adding outgoing edge : id195 (1.0, 1.0) from id181 to id197
[Dialogue policy] Adding outgoing edge : id199 (1.0, 1.0) from id149 to id201
[Dialogue policy] Adding outgoing edge : id203 (1.0, 1.0) from id201 to id205
[Dialogue policy] Adding outgoing edge : id207 (1.0, 1.0) from id201 to id209
[Dialogue policy] Adding outgoing edge : id211 (1.0, 1.0) from id201 to id213
[Dialogue policy] Adding outgoing edge : id215 (1.0, 1.0) from id149 to id217
[Dialogue policy] Adding outgoing edge : id219 (1.0, 1.0) from id217 to id221
[Dialogue policy] Adding outgoing edge : id223 (1.0, 1.0) from id217 to id225
[Dialogue policy] Adding outgoing edge : id227 (1.0, 1.0) from id217 to id229
[Dialogue policy] Adding outgoing edge : id231 (1.0, 1.0) from id217 to id233
[Dialogue policy] Adding outgoing edge : id235 (1.0, 1.0) from id145 to id237
[Dialogue policy] Adding outgoing edge : id239 (1.0, 1.0) from id237 to id241
[Dialogue policy] Adding outgoing edge : id243 (1.0, 1.0) from id241 to id245
[Dialogue policy] Adding outgoing edge : id247 (1.0, 1.0) from id241 to id249
[Dialogue policy] Adding outgoing edge : id251 (1.0, 1.0) from id241 to id253
[Dialogue policy] Adding outgoing edge : id255 (1.0, 1.0) from id241 to id257
[Dialogue policy] Adding outgoing edge : id259 (1.0, 1.0) from id237 to id261
[Dialogue policy] Adding outgoing edge : id263 (1.0, 1.0) from id261 to id265
[Dialogue policy] Adding outgoing edge : id267 (1.0, 1.0) from id261 to id269
[Dialogue policy] Adding outgoing edge : id271 (1.0, 1.0) from id237 to id273
[Dialogue policy] Adding outgoing edge : id275 (1.0, 1.0) from id273 to id277
[Dialogue policy] Adding outgoing edge : id279 (1.0, 1.0) from id273 to id281
[Dialogue policy] Adding outgoing edge : id283 (1.0, 1.0) from id273 to id285
[Dialogue policy] Adding outgoing edge : id287 (1.0, 1.0) from id273 to id289
[Dialogue policy] Adding outgoing edge : id291 (1.0, 1.0) from id273 to id293
[Dialogue policy] Adding outgoing edge : id295 (1.0, 1.0) from id145 to id297
[Dialogue policy] Adding outgoing edge : id299 (1.0, 1.0) from id297 to id301
[Dialogue policy] Adding outgoing edge : id303 (1.0, 1.0) from id301 to id305
[Dialogue policy] Adding outgoing edge : id307 (1.0, 1.0) from id301 to id309
[Dialogue policy] Adding outgoing edge : id311 (1.0, 1.0) from id301 to id313
[Dialogue policy] Adding outgoing edge : id315 (1.0, 1.0) from id297 to id317
[Dialogue policy] Adding outgoing edge : id319 (1.0, 1.0) from id317 to id321
[Dialogue policy] Adding outgoing edge : id323 (1.0, 1.0) from id297 to id325
[Dialogue policy] Adding outgoing edge : id327 (1.0, 1.0) from id325 to id329
[Dialogue policy] Adding outgoing edge : id331 (1.0, 1.0) from id325 to id333
[Dialogue policy] Adding outgoing edge : id335 (1.0, 1.0) from id325 to id337
[Dialogue policy] Adding outgoing edge : id339 (1.0, 1.0) from id297 to id341
[Dialogue policy] Adding outgoing edge : id343 (1.0, 1.0) from id341 to id345
[Dialogue policy] Adding outgoing edge : id347 (1.0, 1.0) from id341 to id349
[Dialogue policy] Adding outgoing edge : id351 (1.0, 1.0) from id341 to id353
[Dialogue policy] Adding outgoing edge : id355 (1.0, 1.0) from id341 to id357
[Dialogue policy] Adding outgoing edge : id359 (1.0, 1.0) from id341 to id361
[Dialogue policy] Adding outgoing edge : id363 (1.0, 1.0) from id297 to id365
[Dialogue policy] Adding outgoing edge : id367 (1.0, 1.0) from id365 to id369
[Dialogue policy] Adding outgoing edge : id371 (1.0, 1.0) from id365 to id373
[Dialogue policy] Adding outgoing edge : id375 (1.0, 1.0) from id365 to id377
[Dialogue policy] Adding outgoing edge : id379 (1.0, 1.0) from id365 to id381
[Dialogue policy] Adding outgoing edge : id384 (1.0, 1.0) from start to id386
[Dialogue policy] Adding outgoing edge : id388 (1.0, 1.0) from id386 to id390
[Dialogue policy] Adding outgoing edge : id392 (1.0, 1.0) from id390 to id394
[Dialogue policy] Adding outgoing edge : id396 (1.0, 1.0) from id386 to id398
[Dialogue policy] Adding outgoing edge : id400 (1.0, 1.0) from id398 to id402
[Dialogue policy] Adding outgoing edge : id404 (1.0, 1.0) from id402 to id406
[Dialogue policy] Adding outgoing edge : id408 (1.0, 1.0) from id402 to id410
[Dialogue policy] Adding outgoing edge : id412 (1.0, 1.0) from id402 to id414
[Dialogue policy] Adding outgoing edge : id416 (1.0, 1.0) from id402 to id418
[Dialogue policy] Adding outgoing edge : id420 (1.0, 1.0) from id398 to id422
[Dialogue policy] Adding outgoing edge : id424 (1.0, 1.0) from id398 to id426
[Dialogue policy] Adding outgoing edge : id428 (1.0, 1.0) from id426 to id430
[Dialogue policy] Adding outgoing edge : id432 (1.0, 1.0) from id426 to id434
[Dialogue policy] Adding outgoing edge : id436 (1.0, 1.0) from id426 to id438
[Dialogue policy] Adding outgoing edge : id440 (1.0, 1.0) from id426 to id442
[Dialogue policy] Adding outgoing edge : id444 (1.0, 1.0) from id426 to id446
[Dialogue policy] Adding outgoing edge : id448 (1.0, 1.0) from id398 to id450
[Dialogue policy] Adding outgoing edge : id452 (1.0, 1.0) from id450 to id454
[Dialogue policy] Adding outgoing edge : id456 (1.0, 1.0) from id450 to id458
[Dialogue policy] Adding outgoing edge : id460 (1.0, 1.0) from id450 to id462
[Dialogue policy] Adding outgoing edge : id464 (1.0, 1.0) from id450 to id466
[Dialogue policy] Adding outgoing edge : id468 (1.0, 1.0) from id386 to id470
[Dialogue policy] Adding outgoing edge : id472 (1.0, 1.0) from id470 to id474
[Dialogue policy] Adding outgoing edge : id476 (1.0, 1.0) from id474 to id478
[Dialogue policy] Adding outgoing edge : id480 (1.0, 1.0) from id474 to id482
[Dialogue policy] Adding outgoing edge : id484 (1.0, 1.0) from id474 to id486
[Dialogue policy] Adding outgoing edge : id488 (1.0, 1.0) from id474 to id490
[Dialogue policy] Adding outgoing edge : id492 (1.0, 1.0) from id470 to id494
[Dialogue policy] Adding outgoing edge : id496 (1.0, 1.0) from id494 to id498
[Dialogue policy] Adding outgoing edge : id500 (1.0, 1.0) from id494 to id502
[Dialogue policy] Adding outgoing edge : id504 (1.0, 1.0) from id494 to id506
[Dialogue policy] Adding outgoing edge : id508 (1.0, 1.0) from id494 to id510
[Dialogue policy] Adding outgoing edge : id512 (1.0, 1.0) from id470 to id514
[Dialogue policy] Adding outgoing edge : id516 (1.0, 1.0) from id514 to id518
[Dialogue policy] Adding outgoing edge : id520 (1.0, 1.0) from id514 to id522
[Dialogue policy] Adding outgoing edge : id524 (1.0, 1.0) from id470 to id526
[Dialogue policy] Adding outgoing edge : id528 (1.0, 1.0) from id526 to id530
[Dialogue policy] Adding outgoing edge : id532 (1.0, 1.0) from id470 to id534
[Dialogue policy] Adding outgoing edge : id536 (1.0, 1.0) from id534 to id538
[Dialogue policy] Adding outgoing edge : id540 (1.0, 1.0) from id534 to id542
[Dialogue policy] Adding outgoing edge : id544 (1.0, 1.0) from id534 to id546
[Dialogue policy] Adding outgoing edge : id548 (1.0, 1.0) from id534 to id550
[Dialogue policy] Adding outgoing edge : id552 (1.0, 1.0) from id534 to id554
[Dialogue policy] Adding outgoing edge : id556 (1.0, 1.0) from start to id558
[Dialogue policy] Adding outgoing edge : id560 (1.0, 1.0) from id558 to id562
[Dialogue policy] Adding outgoing edge : id564 (1.0, 1.0) from id562 to id566
[Dialogue policy] Adding outgoing edge : id568 (1.0, 1.0) from id562 to id570
[Dialogue policy] Adding outgoing edge : id572 (1.0, 1.0) from id570 to id574
[Dialogue policy] Adding outgoing edge : id576 (1.0, 1.0) from id562 to id578
[Dialogue policy] Adding outgoing edge : id580 (1.0, 1.0) from id578 to id582
[Dialogue policy] Adding outgoing edge : id584 (1.0, 1.0) from id578 to id586
[Dialogue policy] Adding outgoing edge : id588 (1.0, 1.0) from id578 to id590
[Dialogue policy] Adding outgoing edge : id592 (1.0, 1.0) from id578 to id594
[Dialogue policy] Adding outgoing edge : id596 (1.0, 1.0) from id558 to id598
[Dialogue policy] Adding outgoing edge : id600 (1.0, 1.0) from id598 to id602
[Dialogue policy] Adding outgoing edge : id604 (1.0, 1.0) from id602 to id606
[Dialogue policy] Adding outgoing edge : id608 (1.0, 1.0) from id602 to id610
[Dialogue policy] Adding outgoing edge : id612 (1.0, 1.0) from id602 to id614
[Dialogue policy] Adding outgoing edge : id616 (1.0, 1.0) from id602 to id618
[Dialogue policy] Adding outgoing edge : id620 (1.0, 1.0) from id602 to id622
[Dialogue policy] Adding outgoing edge : id624 (1.0, 1.0) from id558 to id626
[Dialogue policy] Adding outgoing edge : id628 (1.0, 1.0) from id626 to id630
[Dialogue policy] Adding outgoing edge : id632 (1.0, 1.0) from id630 to id634
[Dialogue policy] Adding outgoing edge : id636 (1.0, 1.0) from id630 to id638
[Dialogue policy] Adding outgoing edge : id640 (1.0, 1.0) from id626 to id642
[Dialogue policy] Adding outgoing edge : id644 (1.0, 1.0) from id642 to id646
[Dialogue policy] Adding outgoing edge : id648 (1.0, 1.0) from id642 to id650
[Dialogue policy] Adding outgoing edge : id652 (1.0, 1.0) from id626 to id654
[Dialogue policy] Adding outgoing edge : id656 (1.0, 1.0) from id654 to id658
[Dialogue policy] Adding outgoing edge : id660 (1.0, 1.0) from id654 to id662
[Dialogue policy] Adding outgoing edge : id664 (1.0, 1.0) from id626 to id666
[Dialogue policy] Adding outgoing edge : id668 (1.0, 1.0) from id666 to id670
[Dialogue policy] Adding outgoing edge : id672 (1.0, 1.0) from id626 to id674
[Dialogue policy] Adding outgoing edge : id676 (1.0, 1.0) from id674 to id678
[Dialogue policy] Adding outgoing edge : id680 (1.0, 1.0) from id674 to id682
[Dialogue policy] Adding outgoing edge : id684 (1.0, 1.0) from id674 to id686
[Dialogue policy] Adding outgoing edge : id688 (1.0, 1.0) from id674 to id690
[Dialogue policy] Adding outgoing edge : id692 (1.0, 1.0) from id558 to id694
[Dialogue policy] Adding outgoing edge : id696 (1.0, 1.0) from id694 to id698
[Dialogue policy] Adding outgoing edge : id700 (1.0, 1.0) from id698 to id702
[Dialogue policy] Adding outgoing edge : id704 (1.0, 1.0) from id698 to id706
[Dialogue policy] Adding outgoing edge : id708 (1.0, 1.0) from id698 to id710
[Dialogue policy] Adding outgoing edge : id712 (1.0, 1.0) from id698 to id714
[Dialogue policy] Adding outgoing edge : id716 (1.0, 1.0) from id698 to id718
[Dialogue policy] Adding outgoing edge : id720 (1.0, 1.0) from id694 to id722
[Dialogue policy] Adding outgoing edge : id724 (1.0, 1.0) from id722 to id726
[Dialogue policy] Adding outgoing edge : id728 (1.0, 1.0) from id722 to id730
[Dialogue policy] Adding outgoing edge : id732 (1.0, 1.0) from id694 to id734
[Dialogue policy] Adding outgoing edge : id736 (1.0, 1.0) from id558 to id738
[Dialogue policy] Adding outgoing edge : id740 (1.0, 1.0) from id738 to id742
[Dialogue policy] Adding outgoing edge : id745 (1.0, 1.0) from start to id747
[Dialogue policy] Adding outgoing edge : id749 (1.0, 1.0) from id747 to id751
[Dialogue policy] Adding outgoing edge : id753 (1.0, 1.0) from id751 to id755
[Dialogue policy] Adding outgoing edge : id757 (1.0, 1.0) from id747 to id759
[Dialogue policy] Adding outgoing edge : id761 (1.0, 1.0) from id759 to id763
[Dialogue policy] Adding outgoing edge : id765 (1.0, 1.0) from id759 to id767
[Dialogue policy] Adding outgoing edge : id769 (1.0, 1.0) from id767 to id771
[Dialogue policy] Adding outgoing edge : id773 (1.0, 1.0) from id767 to id775
[Dialogue policy] Adding outgoing edge : id777 (1.0, 1.0) from id759 to id779
[Dialogue policy] Adding outgoing edge : id781 (1.0, 1.0) from id779 to id783
[Dialogue policy] Adding outgoing edge : id785 (1.0, 1.0) from id779 to id787
[Dialogue policy] Adding outgoing edge : id789 (1.0, 1.0) from id759 to id791
[Dialogue policy] Adding outgoing edge : id793 (1.0, 1.0) from id791 to id795
[Dialogue policy] Adding outgoing edge : id797 (1.0, 1.0) from id791 to id799
[Dialogue policy] Adding outgoing edge : id802 (1.0, 1.0) from start to id804
[Dialogue policy] Adding outgoing edge : id806 (1.0, 1.0) from start to id808
[Dialogue policy] Adding outgoing edge : id810 (1.0, 1.0) from id808 to id812
[Dialogue policy] Adding outgoing edge : id814 (1.0, 1.0) from id812 to id816
[Dialogue policy] Adding outgoing edge : id818 (1.0, 1.0) from id816 to id820
[Dialogue policy] Adding outgoing edge : id822 (1.0, 1.0) from id816 to id824
[Dialogue policy] Adding outgoing edge : id826 (1.0, 1.0) from id816 to id828
[Dialogue policy] Adding outgoing edge : id830 (1.0, 1.0) from id816 to id832
[Dialogue policy] Adding outgoing edge : id834 (1.0, 1.0) from start to id836
[Dialogue policy] Adding outgoing edge : id838 (1.0, 1.0) from id836 to id840
[Dialogue policy] Adding outgoing edge : id842 (1.0, 1.0) from id840 to id844
[Dialogue policy] Adding outgoing edge : id846 (1.0, 1.0) from id844 to id848
[Dialogue policy] Adding outgoing edge : id850 (1.0, 1.0) from id844 to id852
[Dialogue policy] Adding outgoing edge : id854 (1.0, 1.0) from id844 to id856
[Dialogue policy] Adding outgoing edge : id858 (1.0, 1.0) from id844 to id860
[Dialogue policy] Adding outgoing edge : id862 (1.0, 1.0) from id840 to id864
[Dialogue policy] Adding outgoing edge : id869 (1.0, 1.0) from start to id871
[Dialogue policy] Adding outgoing edge : id873 (1.0, 1.0) from id871 to id875
[Dialogue policy] Adding outgoing edge : id877 (1.0, 1.0) from id875 to id879
[Dialogue policy] Adding outgoing edge : id881 (1.0, 1.0) from id879 to id883
[Dialogue policy] Adding outgoing edge : id885 (1.0, 1.0) from id879 to id887
[Dialogue policy] Adding outgoing edge : id889 (1.0, 1.0) from id879 to id891
[Dialogue policy] Adding outgoing edge : id893 (1.0, 1.0) from id879 to id895
[Dialogue policy] Adding outgoing edge : id897 (1.0, 1.0) from id875 to id899
[Dialogue policy] Adding outgoing edge : id901 (1.0, 1.0) from id875 to id903
[Dialogue policy] Adding outgoing edge : id905 (1.0, 1.0) from id903 to id907
[Dialogue policy] Adding outgoing edge : id909 (1.0, 1.0) from id903 to id911
[Dialogue policy] Adding outgoing edge : id913 (1.0, 1.0) from id903 to id915
[Dialogue policy] Adding outgoing edge : id917 (1.0, 1.0) from id903 to id919
[Dialogue policy] Adding outgoing edge : id921 (1.0, 1.0) from id903 to id923
[Dialogue policy] Adding outgoing edge : id925 (1.0, 1.0) from id875 to id927
[Dialogue policy] Adding outgoing edge : id929 (1.0, 1.0) from id927 to id931
[Dialogue policy] Adding outgoing edge : id933 (1.0, 1.0) from id927 to id935
[Dialogue policy] Adding outgoing edge : id937 (1.0, 1.0) from id927 to id939
[Dialogue policy] Adding outgoing edge : id941 (1.0, 1.0) from id927 to id943
[Dialogue policy] Adding outgoing edge : id945 (1.0, 1.0) from id927 to id947
[Dialogue policy] Adding outgoing edge : id949 (1.0, 1.0) from id871 to id951
[Dialogue policy] Adding outgoing edge : id953 (1.0, 1.0) from id951 to id955
[Dialogue policy] Adding outgoing edge : id957 (1.0, 1.0) from id955 to id959
[Dialogue policy] Adding outgoing edge : id961 (1.0, 1.0) from id955 to id963
[Dialogue policy] Adding outgoing edge : id965 (1.0, 1.0) from id955 to id967
[Dialogue policy] Adding outgoing edge : id969 (1.0, 1.0) from id951 to id971
[Dialogue policy] Adding outgoing edge : id973 (1.0, 1.0) from id971 to id975
[Dialogue policy] Adding outgoing edge : id977 (1.0, 1.0) from id971 to id979
[Dialogue policy] Adding outgoing edge : id981 (1.0, 1.0) from id971 to id983
[Dialogue policy] Adding outgoing edge : id985 (1.0, 1.0) from id951 to id987
[Dialogue policy] Adding outgoing edge : id989 (1.0, 1.0) from id987 to id991
[Dialogue policy] Adding outgoing edge : id993 (1.0, 1.0) from id987 to id995
[Dialogue policy] Adding outgoing edge : id997 (1.0, 1.0) from id987 to id999
[Dialogue policy] Adding outgoing edge : id1001 (1.0, 1.0) from id987 to id1003
[Dialogue policy] Adding outgoing edge : id1005 (1.0, 1.0) from id987 to id1007
[Dialogue policy] Adding outgoing edge : id1009 (1.0, 1.0) from id951 to id1011
[Dialogue policy] Adding outgoing edge : id1013 (1.0, 1.0) from id1011 to id1015
[Dialogue policy] Adding outgoing edge : id1017 (1.0, 1.0) from id1011 to id1019
[Dialogue policy] Adding outgoing edge : id1021 (1.0, 1.0) from id1011 to id1023
[Dialogue policy] Adding outgoing edge : id1025 (1.0, 1.0) from id1011 to id1027
[Dialogue policy] Adding outgoing edge : id1029 (1.0, 1.0) from id1011 to id1031
[Dialogue policy] Adding outgoing edge : id1033 (1.0, 1.0) from id871 to id1035
[Dialogue policy] Adding outgoing edge : id1037 (1.0, 1.0) from id1035 to id1039
[Dialogue policy] Adding outgoing edge : id1041 (1.0, 1.0) from id1039 to id1043
[Dialogue policy] Adding outgoing edge : id1045 (1.0, 1.0) from id1039 to id1047
[Dialogue policy] Adding outgoing edge : id1049 (1.0, 1.0) from id1039 to id1051
[Dialogue policy] Adding outgoing edge : id1053 (1.0, 1.0) from id1039 to id1055
[Dialogue policy] Adding outgoing edge : id1057 (1.0, 1.0) from id1035 to id1059
[Dialogue policy] Adding outgoing edge : id1061 (1.0, 1.0) from id1059 to id1063
[Dialogue policy] Adding outgoing edge : id1065 (1.0, 1.0) from id1059 to id1067
[Dialogue policy] Adding outgoing edge : id1069 (1.0, 1.0) from id1035 to id1071
[Dialogue policy] Adding outgoing edge : id1073 (1.0, 1.0) from id1071 to id1075
[Dialogue policy] Adding outgoing edge : id1077 (1.0, 1.0) from id1071 to id1079
[Dialogue policy] Adding outgoing edge : id1081 (1.0, 1.0) from id1071 to id1083
[Dialogue policy] Adding outgoing edge : id1085 (1.0, 1.0) from id1071 to id1087
[Dialogue policy] Adding outgoing edge : id1089 (1.0, 1.0) from id1035 to id1091
[Dialogue policy] Adding outgoing edge : id1093 (1.0, 1.0) from id1091 to id1095
[Dialogue policy] Adding outgoing edge : id1097 (1.0, 1.0) from id1091 to id1099
[Dialogue policy] Adding outgoing edge : id1101 (1.0, 1.0) from id1091 to id1103
[Dialogue policy] Adding outgoing edge : id1105 (1.0, 1.0) from id1091 to id1107
[Dialogue policy] Adding outgoing edge : id1109 (1.0, 1.0) from id871 to id1111
[Dialogue policy] Adding outgoing edge : id1113 (1.0, 1.0) from id1111 to id1115
[Dialogue policy] Adding outgoing edge : id1117 (1.0, 1.0) from id1115 to id1119
[Dialogue policy] Adding outgoing edge : id1121 (1.0, 1.0) from id1111 to id1123
[Dialogue policy] Adding outgoing edge : id1125 (1.0, 1.0) from id1123 to id1127
[Dialogue policy] Adding outgoing edge : id1129 (1.0, 1.0) from id1123 to id1131
[Dialogue policy] Adding outgoing edge : id1133 (1.0, 1.0) from id1111 to id1135
[Dialogue policy] Adding outgoing edge : id1137 (1.0, 1.0) from id1135 to id1139
[Dialogue policy] Adding outgoing edge : id1141 (1.0, 1.0) from id1135 to id1143
[Dialogue policy] Adding outgoing edge : id1145 (1.0, 1.0) from id1111 to id1147
[Dialogue policy] Adding outgoing edge : id1149 (1.0, 1.0) from id871 to id1151
[Dialogue policy] Adding outgoing edge : id1153 (1.0, 1.0) from start to id1155
[Dialogue policy] Adding outgoing edge : id1157 (1.0, 1.0) from id1155 to id1159
[Dialogue policy] Adding outgoing edge : id1161 (1.0, 1.0) from id1159 to id1163
[Dialogue policy] Adding outgoing edge : id1165 (1.0, 1.0) from id1163 to id1167
[Dialogue policy] Adding outgoing edge : id1169 (1.0, 1.0) from id1163 to id1171
[Dialogue policy] Adding outgoing edge : id1173 (1.0, 1.0) from id1163 to id1175
[Dialogue policy] Adding outgoing edge : id1177 (1.0, 1.0) from id1159 to id1179
[Dialogue policy] Adding outgoing edge : id1181 (1.0, 1.0) from id1179 to id1183
[Dialogue policy] Adding outgoing edge : id1185 (1.0, 1.0) from id1179 to id1187
[Dialogue policy] Adding outgoing edge : id1189 (1.0, 1.0) from id1179 to id1191
[Dialogue policy] Adding outgoing edge : id1193 (1.0, 1.0) from id1159 to id1195
[Dialogue policy] Adding outgoing edge : id1197 (1.0, 1.0) from id1195 to id1199
[Dialogue policy] Adding outgoing edge : id1201 (1.0, 1.0) from id1159 to id1203
[Dialogue policy] Adding outgoing edge : id1205 (1.0, 1.0) from id1203 to id1207
[Dialogue policy] Adding outgoing edge : id1209 (1.0, 1.0) from id1203 to id1211
[Dialogue policy] Adding outgoing edge : id1213 (1.0, 1.0) from id1203 to id1215
[Dialogue policy] Adding outgoing edge : id1217 (1.0, 1.0) from id1203 to id1219
[Dialogue policy] Adding outgoing edge : id1221 (1.0, 1.0) from id1203 to id1223
[Dialogue policy] Adding outgoing edge : id1225 (1.0, 1.0) from id1155 to id1227
[Dialogue policy] Adding outgoing edge : id1229 (1.0, 1.0) from id1227 to id1231
[Dialogue policy] Adding outgoing edge : id1233 (1.0, 1.0) from id1231 to id1235
[Dialogue policy] Adding outgoing edge : id1237 (1.0, 1.0) from id1231 to id1239
[Dialogue policy] Adding outgoing edge : id1241 (1.0, 1.0) from id1231 to id1243
[Dialogue policy] Adding outgoing edge : id1245 (1.0, 1.0) from id1231 to id1247
[Dialogue policy] Adding outgoing edge : id1249 (1.0, 1.0) from id1227 to id1251
[Dialogue policy] Adding outgoing edge : id1253 (1.0, 1.0) from id1251 to id1255
[Dialogue policy] Adding outgoing edge : id1257 (1.0, 1.0) from id1251 to id1259
[Dialogue policy] Adding outgoing edge : id1261 (1.0, 1.0) from id1155 to id1263
[Dialogue policy] Adding outgoing edge : id1265 (1.0, 1.0) from id1263 to id1267
[Dialogue policy] Adding outgoing edge : id1269 (1.0, 1.0) from id1267 to id1271
[Dialogue policy] Adding outgoing edge : id1273 (1.0, 1.0) from id1267 to id1275
[Dialogue policy] Adding outgoing edge : id1277 (1.0, 1.0) from id1263 to id1279
[Dialogue policy] Adding outgoing edge : id1281 (1.0, 1.0) from id1279 to id1283
[Dialogue policy] Adding outgoing edge : id1285 (1.0, 1.0) from id1279 to id1287
[Dialogue policy] Adding outgoing edge : id1289 (1.0, 1.0) from id1279 to id1291
[Dialogue policy] Adding outgoing edge : id1293 (1.0, 1.0) from id1263 to id1295
[Dialogue policy] Adding outgoing edge : id1297 (1.0, 1.0) from id1295 to id1299
[Dialogue policy] Adding outgoing edge : id1301 (1.0, 1.0) from id1295 to id1303
[Dialogue policy] Adding outgoing edge : id1305 (1.0, 1.0) from id1263 to id1307
[Dialogue policy] Adding outgoing edge : id1309 (1.0, 1.0) from id1307 to id1311
[Dialogue policy] Adding outgoing edge : id1313 (1.0, 1.0) from id1155 to id1315
[Dialogue policy] Adding outgoing edge : id1317 (1.0, 1.0) from id1315 to id1319
[Dialogue policy] Adding outgoing edge : id1321 (1.0, 1.0) from id1319 to id1323
[Dialogue policy] Adding outgoing edge : id1325 (1.0, 1.0) from id1319 to id1327
[Dialogue policy] Adding outgoing edge : id1329 (1.0, 1.0) from id1319 to id1331
[Dialogue policy] Adding outgoing edge : id1333 (1.0, 1.0) from id1315 to id1335
[Dialogue policy] Adding outgoing edge : id1337 (1.0, 1.0) from id1335 to id1339
[Dialogue policy] Adding outgoing edge : id1341 (1.0, 1.0) from id1335 to id1343
[Dialogue policy] Adding outgoing edge : id1345 (1.0, 1.0) from id1335 to id1347
[Dialogue policy] Adding outgoing edge : id1349 (1.0, 1.0) from id1315 to id1351
[Dialogue policy] Adding outgoing edge : id1353 (1.0, 1.0) from id1351 to id1355
[Dialogue policy] Adding outgoing edge : id1357 (1.0, 1.0) from id1351 to id1359
[Dialogue policy] Adding outgoing edge : id1361 (1.0, 1.0) from id1155 to id1363
[Dialogue policy] Adding outgoing edge : id1365 (1.0, 1.0) from id1363 to id1367
[Dialogue policy] Adding outgoing edge : id1369 (1.0, 1.0) from id1363 to id1371
[Dialogue policy] Adding outgoing edge : id1373 (1.0, 1.0) from id1371 to id1375
[Dialogue policy] Adding outgoing edge : id1377 (1.0, 1.0) from id1371 to id1379
[Dialogue policy] Adding outgoing edge : id1381 (1.0, 1.0) from id1371 to id1383
[Dialogue policy] Adding outgoing edge : id1385 (1.0, 1.0) from id1371 to id1387
[Dialogue policy] Adding outgoing edge : id1389 (1.0, 1.0) from id1371 to id1391
[Dialogue policy] Adding outgoing edge : id1393 (1.0, 1.0) from id1363 to id1395
[Dialogue policy] Adding outgoing edge : id1397 (1.0, 1.0) from id1395 to id1399
[Dialogue policy] Adding outgoing edge : id1401 (1.0, 1.0) from id1395 to id1403
[Dialogue policy] Adding outgoing edge : id1405 (1.0, 1.0) from id1363 to id1407
[Dialogue policy] Adding outgoing edge : id1409 (1.0, 1.0) from id1407 to id1411
[Dialogue policy] Adding outgoing edge : id1413 (1.0, 1.0) from id1407 to id1415
[Dialogue policy] Adding outgoing edge : id1417 (1.0, 1.0) from id1407 to id1419
[Dialogue policy] Adding outgoing edge : id1421 (1.0, 1.0) from id1363 to id1423
[Dialogue policy] Adding outgoing edge : id1425 (1.0, 1.0) from id1423 to id1427
[Dialogue policy] Adding outgoing edge : id1429 (1.0, 1.0) from id1423 to id1431
[Dialogue policy] Adding outgoing edge : id1433 (1.0, 1.0) from start to id1435
[Dialogue policy] Adding outgoing edge : id1437 (1.0, 1.0) from id1435 to id1439
[Dialogue policy] Adding outgoing edge : id1441 (1.0, 1.0) from id1439 to id1443
[Dialogue policy] Adding outgoing edge : id1445 (1.0, 1.0) from id1443 to id1447
[Dialogue policy] Adding outgoing edge : id1449 (1.0, 1.0) from id1439 to id1451
[Dialogue policy] Adding outgoing edge : id1453 (1.0, 1.0) from id1451 to id1455
[Dialogue policy] Adding outgoing edge : id1457 (1.0, 1.0) from id1451 to id1459
[Dialogue policy] Adding outgoing edge : id1461 (1.0, 1.0) from id1451 to id1463
[Dialogue policy] Adding outgoing edge : id1465 (1.0, 1.0) from id1451 to id1467
[Dialogue policy] Adding outgoing edge : id1469 (1.0, 1.0) from id1451 to id1471
[Dialogue policy] Adding outgoing edge : id1473 (1.0, 1.0) from id1439 to id1475
[Dialogue policy] Adding outgoing edge : id1477 (1.0, 1.0) from id1475 to id1479
[Dialogue policy] Adding outgoing edge : id1481 (1.0, 1.0) from id1475 to id1483
[Dialogue policy] Adding outgoing edge : id1485 (1.0, 1.0) from id1475 to id1487
[Dialogue policy] Adding outgoing edge : id1489 (1.0, 1.0) from id1475 to id1491
[Dialogue policy] Adding outgoing edge : id1493 (1.0, 1.0) from id1435 to id1495
[Dialogue policy] Adding outgoing edge : id1497 (1.0, 1.0) from id1495 to id1499
[Dialogue policy] Adding outgoing edge : id1501 (1.0, 1.0) from id1499 to id1503
[Dialogue policy] Adding outgoing edge : id1505 (1.0, 1.0) from id1499 to id1507
[Dialogue policy] Adding outgoing edge : id1509 (1.0, 1.0) from id1499 to id1511
[Dialogue policy] Adding outgoing edge : id1513 (1.0, 1.0) from id1499 to id1515
[Dialogue policy] Adding outgoing edge : id1517 (1.0, 1.0) from id1499 to id1519
[Dialogue policy] Adding outgoing edge : id1521 (1.0, 1.0) from id1495 to id1523
[Dialogue policy] Adding outgoing edge : id1525 (1.0, 1.0) from id1523 to id1527
[Dialogue policy] Adding outgoing edge : id1529 (1.0, 1.0) from id1523 to id1531
[Dialogue policy] Adding outgoing edge : id1533 (1.0, 1.0) from id1495 to id1535
[Dialogue policy] Adding outgoing edge : id1537 (1.0, 1.0) from id1535 to id1539
[Dialogue policy] Adding outgoing edge : id1541 (1.0, 1.0) from id1495 to id1543
[Dialogue policy] Adding outgoing edge : id1545 (1.0, 1.0) from id1543 to id1547
[Dialogue policy] Adding outgoing edge : id1549 (1.0, 1.0) from id1543 to id1551
[Dialogue policy] Adding outgoing edge : id1553 (1.0, 1.0) from id1543 to id1555
[Dialogue policy] Adding outgoing edge : id1557 (1.0, 1.0) from id1543 to id1559
[Dialogue policy] Adding outgoing edge : id1561 (1.0, 1.0) from id1543 to id1563
[Dialogue policy] Adding outgoing edge : id1565 (1.0, 1.0) from id1435 to id1567
[Dialogue policy] Adding outgoing edge : id1569 (1.0, 1.0) from id1567 to id1571
[Dialogue policy] Adding outgoing edge : id1573 (1.0, 1.0) from id1571 to id1575
[Dialogue policy] Adding outgoing edge : id1577 (1.0, 1.0) from id1571 to id1579
[Dialogue policy] Adding outgoing edge : id1581 (1.0, 1.0) from id1571 to id1583
[Dialogue policy] Adding outgoing edge : id1585 (1.0, 1.0) from id1567 to id1587
[Dialogue policy] Adding outgoing edge : id1589 (1.0, 1.0) from id1435 to id1591
[Dialogue policy] Adding outgoing edge : id1593 (1.0, 1.0) from id1591 to id1595
[Dialogue policy] Adding outgoing edge : id1597 (1.0, 1.0) from id1595 to id1599
[Dialogue policy] Adding outgoing edge : id1601 (1.0, 1.0) from id1595 to id1603
[Dialogue policy] Adding outgoing edge : id1605 (1.0, 1.0) from id1591 to id1607
[Dialogue policy] Adding outgoing edge : id1609 (1.0, 1.0) from id1591 to id1611
[Dialogue policy] Adding outgoing edge : id1613 (1.0, 1.0) from id1611 to id1615
[Dialogue policy] Adding outgoing edge : id1617 (1.0, 1.0) from id1591 to id1619
[Dialogue policy] Adding outgoing edge : id1621 (1.0, 1.0) from id1619 to id1623
[Dialogue policy] Adding outgoing edge : id1625 (1.0, 1.0) from id1619 to id1627
[Dialogue policy] Adding outgoing edge : id1629 (1.0, 1.0) from id1619 to id1631
[Dialogue policy] Adding outgoing edge : id1633 (1.0, 1.0) from id1619 to id1635
[Dialogue policy] Adding outgoing edge : id1637 (1.0, 1.0) from id1619 to id1639
[Dialogue policy] Adding outgoing edge : id1641 (1.0, 1.0) from id1591 to id1643
[Dialogue policy] Adding outgoing edge : id1645 (1.0, 1.0) from id1643 to id1647
[Dialogue policy] Adding outgoing edge : id1649 (1.0, 1.0) from id1643 to id1651
[Dialogue policy] Adding outgoing edge : id1653 (1.0, 1.0) from start to id1655
[Dialogue policy] Adding outgoing edge : id1657 (1.0, 1.0) from id1655 to id1659
[Dialogue policy] Adding outgoing edge : id1661 (1.0, 1.0) from id1659 to id1663
[Dialogue policy] Adding outgoing edge : id1665 (1.0, 1.0) from id1663 to id1667
[Dialogue policy] Adding outgoing edge : id1669 (1.0, 1.0) from id1659 to id1671
[Dialogue policy] Adding outgoing edge : id1673 (1.0, 1.0) from id1671 to id1675
[Dialogue policy] Adding outgoing edge : id1677 (1.0, 1.0) from id1671 to id1679
[Dialogue policy] Adding outgoing edge : id1681 (1.0, 1.0) from id1671 to id1683
[Dialogue policy] Adding outgoing edge : id1685 (1.0, 1.0) from id1655 to id1687
[Dialogue policy] Adding outgoing edge : id1689 (1.0, 1.0) from id1687 to id1691
[Dialogue policy] Adding outgoing edge : id1693 (1.0, 1.0) from id1691 to id1695
[Dialogue policy] Adding outgoing edge : id1697 (1.0, 1.0) from id1687 to id1699
[Dialogue policy] Adding outgoing edge : id1701 (1.0, 1.0) from id1699 to id1703
[Dialogue policy] Adding outgoing edge : id1705 (1.0, 1.0) from id1699 to id1707
[Dialogue policy] Adding outgoing edge : id1709 (1.0, 1.0) from id1699 to id1711
[Dialogue policy] Adding outgoing edge : id1713 (1.0, 1.0) from id1699 to id1715
[Dialogue policy] Adding outgoing edge : id1717 (1.0, 1.0) from id1655 to id1719
[Dialogue policy] Adding outgoing edge : id1721 (1.0, 1.0) from id1719 to id1723
[Dialogue policy] Adding outgoing edge : id1725 (1.0, 1.0) from id1723 to id1727
[Dialogue policy] Adding outgoing edge : id1729 (1.0, 1.0) from id1723 to id1731
[Dialogue policy] Adding outgoing edge : id1733 (1.0, 1.0) from id1719 to id1735
[Dialogue policy] Adding outgoing edge : id1737 (1.0, 1.0) from id1735 to id1739
[Dialogue policy] Adding outgoing edge : id1741 (1.0, 1.0) from id1735 to id1743
[Dialogue policy] Adding outgoing edge : id1745 (1.0, 1.0) from id1719 to id1747
[Dialogue policy] Adding outgoing edge : id1749 (1.0, 1.0) from id1747 to id1751
[Dialogue policy] Adding outgoing edge : id1753 (1.0, 1.0) from id1747 to id1755
[Dialogue policy] Adding outgoing edge : id1757 (1.0, 1.0) from id1747 to id1759
[Dialogue policy] Adding outgoing edge : id1761 (1.0, 1.0) from id1719 to id1763
[Dialogue policy] Adding outgoing edge : id1765 (1.0, 1.0) from start to id1767
[Dialogue policy] Adding outgoing edge : id1769 (1.0, 1.0) from id1767 to id1771
[Dialogue policy] Adding outgoing edge : id1773 (1.0, 1.0) from id1771 to id1775
[Dialogue policy] Adding outgoing edge : id1777 (1.0, 1.0) from id1775 to id1779
[Dialogue policy] Adding outgoing edge : id1781 (1.0, 1.0) from id1775 to id1783
[Dialogue policy] Adding outgoing edge : id1785 (1.0, 1.0) from id1775 to id1787
[Dialogue policy] Adding outgoing edge : id1789 (1.0, 1.0) from id1771 to id1791
[Dialogue policy] Adding outgoing edge : id1793 (1.0, 1.0) from id1791 to id1795
[Dialogue policy] Adding outgoing edge : id1797 (1.0, 1.0) from id1791 to id1799
[Dialogue policy] Adding outgoing edge : id1801 (1.0, 1.0) from id1791 to id1803
[Dialogue policy] Adding outgoing edge : id1805 (1.0, 1.0) from id1771 to id1807
[Dialogue policy] Adding outgoing edge : id1809 (1.0, 1.0) from id1807 to id1811
[Dialogue policy] Adding outgoing edge : id1813 (1.0, 1.0) from id1807 to id1815
[Dialogue policy] Adding outgoing edge : id1817 (1.0, 1.0) from id1807 to id1819
[Dialogue policy] Adding outgoing edge : id1821 (1.0, 1.0) from id1771 to id1823
[Dialogue policy] Adding outgoing edge : id1825 (1.0, 1.0) from id1823 to id1827
[Dialogue policy] Adding outgoing edge : id1829 (1.0, 1.0) from id1823 to id1831
[Dialogue policy] Adding outgoing edge : id1833 (1.0, 1.0) from id1823 to id1835
[Dialogue policy] Adding outgoing edge : id1837 (1.0, 1.0) from id1823 to id1839
[Dialogue policy] Adding outgoing edge : id1841 (1.0, 1.0) from id1823 to id1843
[Dialogue policy] Adding outgoing edge : id1845 (1.0, 1.0) from id1771 to id1847
[Dialogue policy] Adding outgoing edge : id1849 (1.0, 1.0) from id1847 to id1851
[Dialogue policy] Adding outgoing edge : id1853 (1.0, 1.0) from id1847 to id1855
[Dialogue policy] Adding outgoing edge : id1857 (1.0, 1.0) from id1847 to id1859
[Dialogue policy] Adding outgoing edge : id1861 (1.0, 1.0) from id1847 to id1863
[Dialogue policy] Adding outgoing edge : id1865 (1.0, 1.0) from id1767 to id1867
[Dialogue policy] Adding outgoing edge : id1869 (1.0, 1.0) from id1867 to id1871
[Dialogue policy] Adding outgoing edge : id1873 (1.0, 1.0) from id1871 to id1875
[Dialogue policy] Adding outgoing edge : id1877 (1.0, 1.0) from id1867 to id1879
[Dialogue policy] Adding outgoing edge : id1881 (1.0, 1.0) from id1879 to id1883
[Dialogue policy] Adding outgoing edge : id1885 (1.0, 1.0) from id1879 to id1887
[Dialogue policy] Adding outgoing edge : id1889 (1.0, 1.0) from id1867 to id1891
[Dialogue policy] Adding outgoing edge : id1893 (1.0, 1.0) from id1867 to id1895
[Dialogue policy] Adding outgoing edge : id1897 (1.0, 1.0) from id1895 to id1899
[Dialogue policy] Adding outgoing edge : id1902 (1.0, 1.0) from start to id1904
[Dialogue policy] Adding outgoing edge : id1906 (1.0, 1.0) from id1904 to id1908
[Dialogue policy] Adding outgoing edge : id1910 (1.0, 1.0) from id1908 to id1912
[Dialogue policy] Adding outgoing edge : id1914 (1.0, 1.0) from id1912 to id1916
[Dialogue policy] Adding outgoing edge : id1918 (1.0, 1.0) from id1912 to id1920
[Dialogue policy] Adding outgoing edge : id1922 (1.0, 1.0) from id1912 to id1924
[Dialogue policy] Adding outgoing edge : id1926 (1.0, 1.0) from id1912 to id1928
[Dialogue policy] Adding outgoing edge : id1930 (1.0, 1.0) from id1908 to id1932
[Dialogue policy] Adding outgoing edge : id1934 (1.0, 1.0) from id1932 to id1936
[Dialogue policy] Adding outgoing edge : id1938 (1.0, 1.0) from id1904 to id1940
[Dialogue policy] Adding outgoing edge : id1942 (1.0, 1.0) from id1940 to id1944
[Dialogue policy] Adding outgoing edge : id1946 (1.0, 1.0) from id1940 to id1948
[Dialogue policy] Adding outgoing edge : id1950 (1.0, 1.0) from id1948 to id1952
[Dialogue policy] Adding outgoing edge : id1954 (1.0, 1.0) from id1948 to id1956
[Dialogue policy] Adding outgoing edge : id1958 (1.0, 1.0) from id1948 to id1960
[Dialogue policy] Adding outgoing edge : id1962 (1.0, 1.0) from id1948 to id1964
[Dialogue policy] Adding outgoing edge : id1966 (1.0, 1.0) from id1948 to id1968
[Dialogue policy] Adding outgoing edge : id1970 (1.0, 1.0) from id1904 to id1972
[Dialogue policy] Adding outgoing edge : id1974 (1.0, 1.0) from id1972 to id1976
[Dialogue policy] Adding outgoing edge : id1978 (1.0, 1.0) from id1976 to id1980
[Dialogue policy] Adding outgoing edge : id1982 (1.0, 1.0) from id1976 to id1984
[Dialogue policy] Adding outgoing edge : id1986 (1.0, 1.0) from id1976 to id1988
[Dialogue policy] Adding outgoing edge : id1990 (1.0, 1.0) from id1976 to id1992
[Dialogue policy] Adding outgoing edge : id1994 (1.0, 1.0) from id1972 to id1996
[Dialogue policy] Adding outgoing edge : id1998 (1.0, 1.0) from id1996 to id2000
[Dialogue policy] Adding outgoing edge : id2002 (1.0, 1.0) from id1996 to id2004
[Dialogue policy] Adding outgoing edge : id2006 (1.0, 1.0) from id1972 to id2008
[Dialogue policy] Adding outgoing edge : id2010 (1.0, 1.0) from id2008 to id2012
[Dialogue policy] Adding outgoing edge : id2015 (1.0, 1.0) from start to id2017
[Dialogue policy] Adding outgoing edge : id2019 (1.0, 1.0) from id2017 to id2021
[Dialogue policy] Adding outgoing edge : id2023 (1.0, 1.0) from id2021 to id2025
[Dialogue policy] Adding outgoing edge : id2027 (1.0, 1.0) from id2025 to id2029
[Dialogue policy] Adding outgoing edge : id2031 (1.0, 1.0) from id2025 to id2033
[Dialogue policy] Adding outgoing edge : id2035 (1.0, 1.0) from id2025 to id2037
[Dialogue policy] Adding outgoing edge : id2039 (1.0, 1.0) from id2025 to id2041
[Dialogue policy] Adding outgoing edge : id2043 (1.0, 1.0) from id2021 to id2045
[Dialogue policy] Adding outgoing edge : id2047 (1.0, 1.0) from id2045 to id2049
[Dialogue policy] Adding outgoing edge : id2051 (1.0, 1.0) from id2045 to id2053
[Dialogue policy] Adding outgoing edge : id2055 (1.0, 1.0) from id2045 to id2057
[Dialogue policy] Adding outgoing edge : id2059 (1.0, 1.0) from id2045 to id2061
[Dialogue policy] Adding outgoing edge : id2063 (1.0, 1.0) from id2021 to id2065
[Dialogue policy] Adding outgoing edge : id2067 (1.0, 1.0) from id2065 to id2069
[Dialogue policy] Adding outgoing edge : id2071 (1.0, 1.0) from id2065 to id2073
[Dialogue policy] Adding outgoing edge : id2075 (1.0, 1.0) from id2065 to id2077
[Dialogue policy] Adding outgoing edge : id2079 (1.0, 1.0) from id2065 to id2081
[Dialogue policy] Adding outgoing edge : id2083 (1.0, 1.0) from id2065 to id2085
[Dialogue policy] Adding outgoing edge : id2087 (1.0, 1.0) from id2021 to id2089
[Dialogue policy] Adding outgoing edge : id2091 (1.0, 1.0) from id2089 to id2093
[Dialogue policy] Adding outgoing edge : id2095 (1.0, 1.0) from id2089 to id2097
[Dialogue policy] Adding outgoing edge : id2099 (1.0, 1.0) from id2021 to id2101
[Dialogue policy] Adding outgoing edge : id2103 (1.0, 1.0) from id2101 to id2105
[Dialogue policy] Adding outgoing edge : id2107 (1.0, 1.0) from id2101 to id2109
[Dialogue policy] Adding outgoing edge : id2111 (1.0, 1.0) from id2017 to id2113
[Dialogue policy] Adding outgoing edge : id2115 (1.0, 1.0) from id2113 to id2117
[Dialogue policy] Adding outgoing edge : id2119 (1.0, 1.0) from id2017 to id2121
[Dialogue policy] Adding outgoing edge : id2123 (1.0, 1.0) from id2121 to id2125
[Dialogue policy] Adding outgoing edge : id2127 (1.0, 1.0) from id2125 to id2129
[Dialogue policy] Adding outgoing edge : id2131 (1.0, 1.0) from id2125 to id2133
[Dialogue policy] Adding outgoing edge : id2135 (1.0, 1.0) from id2121 to id2137
[Dialogue policy] Adding outgoing edge : id2139 (1.0, 1.0) from id2137 to id2141
[Dialogue policy] Adding outgoing edge : id2143 (1.0, 1.0) from id2137 to id2145
[Dialogue policy] Adding outgoing edge : id2147 (1.0, 1.0) from id2137 to id2149
[Dialogue policy] Adding outgoing edge : id2151 (1.0, 1.0) from id2121 to id2153
[Dialogue policy] Adding outgoing edge : id2155 (1.0, 1.0) from id2017 to id2157
[Dialogue policy] Adding outgoing edge : id2159 (1.0, 1.0) from start to id2161
[Dialogue policy] Adding outgoing edge : id2163 (1.0, 1.0) from id2161 to id2165
[Dialogue policy] Adding outgoing edge : id2167 (1.0, 1.0) from id2161 to id2169
[Dialogue policy] Adding outgoing edge : id2171 (1.0, 1.0) from id2169 to id2173
[Dialogue policy] Adding outgoing edge : id2175 (1.0, 1.0) from id2173 to id2177
[Dialogue policy] Adding outgoing edge : id2179 (1.0, 1.0) from id2173 to id2181
[Dialogue policy] Adding outgoing edge : id2183 (1.0, 1.0) from id2173 to id2185
[Dialogue policy] Adding outgoing edge : id2187 (1.0, 1.0) from id2169 to id2189
[Dialogue policy] Adding outgoing edge : id2191 (1.0, 1.0) from id2189 to id2193
[Dialogue policy] Adding outgoing edge : id2195 (1.0, 1.0) from id2189 to id2197
[Dialogue policy] Adding outgoing edge : id2199 (1.0, 1.0) from id2189 to id2201
[Dialogue policy] Adding outgoing edge : id2203 (1.0, 1.0) from id2189 to id2205
[Dialogue policy] Adding outgoing edge : id2207 (1.0, 1.0) from id2169 to id2209
[Dialogue policy] Adding outgoing edge : id2211 (1.0, 1.0) from id2209 to id2213
[Dialogue policy] Adding outgoing edge : id2215 (1.0, 1.0) from id2169 to id2217
[Dialogue policy] Adding outgoing edge : id2219 (1.0, 1.0) from id2217 to id2221
[Dialogue policy] Adding outgoing edge : id2223 (1.0, 1.0) from id2217 to id2225
[Dialogue policy] Adding outgoing edge : id2227 (1.0, 1.0) from id2217 to id2229
[Dialogue policy] Adding outgoing edge : id2231 (1.0, 1.0) from id2217 to id2233
[Dialogue policy] Adding outgoing edge : id2235 (1.0, 1.0) from id2169 to id2237
[Dialogue policy] Adding outgoing edge : id2239 (1.0, 1.0) from id2237 to id2241
[Dialogue policy] Adding outgoing edge : id2243 (1.0, 1.0) from id2237 to id2245
[Dialogue policy] Adding outgoing edge : id2247 (1.0, 1.0) from id2237 to id2249
[Dialogue policy] Adding outgoing edge : id2251 (1.0, 1.0) from id2161 to id2253
[Dialogue policy] Adding outgoing edge : id2255 (1.0, 1.0) from id2253 to id2257
[Dialogue policy] Adding outgoing edge : id2259 (1.0, 1.0) from id2161 to id2261
[Dialogue policy] Adding outgoing edge : id2263 (1.0, 1.0) from id2261 to id2265
[Dialogue policy] Adding outgoing edge : id2267 (1.0, 1.0) from id2265 to id2269
[Dialogue policy] Adding outgoing edge : id2271 (1.0, 1.0) from id2265 to id2273
[Dialogue policy] Adding outgoing edge : id2275 (1.0, 1.0) from id2261 to id2277
[Dialogue policy] Adding outgoing edge : id2279 (1.0, 1.0) from id2277 to id2281
[Dialogue policy] Adding outgoing edge : id2283 (1.0, 1.0) from id2277 to id2285
[Dialogue policy] Adding outgoing edge : id2287 (1.0, 1.0) from id2277 to id2289
[Dialogue policy] Adding outgoing edge : id2291 (1.0, 1.0) from id2277 to id2293
[Dialogue policy] Adding outgoing edge : id2295 (1.0, 1.0) from id2277 to id2297
[Dialogue policy] Adding outgoing edge : id2299 (1.0, 1.0) from id2261 to id2301
[Dialogue policy] Adding outgoing edge : id2303 (1.0, 1.0) from id2301 to id2305
[Dialogue policy] Adding outgoing edge : id2307 (1.0, 1.0) from id2301 to id2309
[Dialogue policy] Adding outgoing edge : id2311 (1.0, 1.0) from id2261 to id2313
[Dialogue policy] Adding outgoing edge : id2315 (1.0, 1.0) from id2313 to id2317
[Dialogue policy] Adding outgoing edge : id2319 (1.0, 1.0) from id2313 to id2321
[Dialogue policy] Adding outgoing edge : id2323 (1.0, 1.0) from start to id2325
[Dialogue policy] Adding outgoing edge : id2327 (1.0, 1.0) from id2325 to id2329
[Dialogue policy] Adding outgoing edge : id2331 (1.0, 1.0) from id2329 to id2333
[Dialogue policy] Adding outgoing edge : id2335 (1.0, 1.0) from id2333 to id2337
[Dialogue policy] Adding outgoing edge : id2339 (1.0, 1.0) from id2333 to id2341
[Dialogue policy] Adding outgoing edge : id2343 (1.0, 1.0) from id2333 to id2345
[Dialogue policy] Adding outgoing edge : id2347 (1.0, 1.0) from id2329 to id2349
[Dialogue policy] Adding outgoing edge : id2351 (1.0, 1.0) from id2349 to id2353
[Dialogue policy] Adding outgoing edge : id2355 (1.0, 1.0) from id2329 to id2357
[Dialogue policy] Adding outgoing edge : id2359 (1.0, 1.0) from id2357 to id2361
[Dialogue policy] Adding outgoing edge : id2363 (1.0, 1.0) from id2357 to id2365
[Dialogue policy] Adding outgoing edge : id2367 (1.0, 1.0) from id2357 to id2369
[Dialogue policy] Adding outgoing edge : id2371 (1.0, 1.0) from id2325 to id2373
[Dialogue policy] Adding outgoing edge : id2375 (1.0, 1.0) from id2373 to id2377
[Dialogue policy] Adding outgoing edge : id2379 (1.0, 1.0) from id2377 to id2381
[Dialogue policy] Adding outgoing edge : id2383 (1.0, 1.0) from id2377 to id2385
[Dialogue policy] Adding outgoing edge : id2387 (1.0, 1.0) from id2373 to id2389
[Dialogue policy] Adding outgoing edge : id2391 (1.0, 1.0) from id2389 to id2393
[Dialogue policy] Adding outgoing edge : id2395 (1.0, 1.0) from id2389 to id2397
[Dialogue policy] Adding outgoing edge : id2399 (1.0, 1.0) from id2389 to id2401
[Dialogue policy] Adding outgoing edge : id2403 (1.0, 1.0) from id2389 to id2405
[Dialogue policy] Adding outgoing edge : id2407 (1.0, 1.0) from id2389 to id2409
[Dialogue policy] Adding outgoing edge : id2411 (1.0, 1.0) from id2373 to id2413
[Dialogue policy] Adding outgoing edge : id2415 (1.0, 1.0) from id2413 to id2417
[Dialogue policy] Adding outgoing edge : id2419 (1.0, 1.0) from id2373 to id2421
[Dialogue policy] Adding outgoing edge : id2423 (1.0, 1.0) from id2421 to id2425
[Dialogue policy] Adding outgoing edge : id2427 (1.0, 1.0) from id2421 to id2429
[Dialogue policy] Adding outgoing edge : id2431 (1.0, 1.0) from id2325 to id2433
[Dialogue policy] Adding outgoing edge : id2435 (1.0, 1.0) from id2325 to id2437
[Dialogue policy] Adding outgoing edge : id2439 (1.0, 1.0) from id2437 to id2441
[Dialogue policy] Adding outgoing edge : id2443 (1.0, 1.0) from id2441 to id2445
[Dialogue policy] Adding outgoing edge : id2447 (1.0, 1.0) from id2441 to id2449
[...]
[Dialogue policy] Adding outgoing edge : id11188 (1.0, 1.0) from id11186 to id11190
[Dialogue policy] Adding outgoing edge : id11192 (1.0, 1.0) from id11186 to id11194
[Dialogue policy] Adding outgoing edge : id11196 (1.0, 1.0) from id11186 to id11198
[Dialogue policy] Adding outgoing edge : id11200 (1.0, 1.0) from id11186 to id11202
[Dialogue policy] Adding outgoing edge : id11204 (1.0, 1.0) from id11186 to id11206
[Dialogue policy] Adding outgoing edge : id11208 (1.0, 1.0) from id11182 to id11210
[Dialogue policy] Adding outgoing edge : id11212 (1.0, 1.0) from id11210 to id11214
[Dialogue policy] Adding outgoing edge : id11216 (1.0, 1.0) from id11210 to id11218
[Dialogue policy] Adding outgoing edge : id11220 (1.0, 1.0) from id11210 to id11222
[Dialogue policy] Adding outgoing edge : id11224 (1.0, 1.0) from id11210 to id11226
[Dialogue policy] Adding outgoing edge : id11228 (1.0, 1.0) from id11210 to id11230
[Dialogue policy] Adding outgoing edge : id11232 (1.0, 1.0) from id11110 to id11234
[Dialogue policy] Adding outgoing edge : id11236 (1.0, 1.0) from id11234 to id11238
[Dialogue policy] Adding outgoing edge : id11240 (1.0, 1.0) from id11238 to id11242
[Dialogue policy] Adding outgoing edge : id11244 (1.0, 1.0) from id11238 to id11246
[Dialogue policy] Adding outgoing edge : id11248 (1.0, 1.0) from id11238 to id11250
[Dialogue policy] Adding outgoing edge : id11252 (1.0, 1.0) from id11238 to id11254
[Dialogue policy] Adding outgoing edge : id11256 (1.0, 1.0) from id11238 to id11258
[Dialogue policy] Adding outgoing edge : id11260 (1.0, 1.0) from id11234 to id11262
[Dialogue policy] Adding outgoing edge : id11264 (1.0, 1.0) from id11234 to id11266
[Dialogue policy] Adding outgoing edge : id11268 (1.0, 1.0) from id11266 to id11270
[Dialogue policy] Adding outgoing edge : id11272 (1.0, 1.0) from id11266 to id11274
[Dialogue policy] Adding outgoing edge : id11276 (1.0, 1.0) from id11266 to id11278
[Dialogue policy] Adding outgoing edge : id11280 (1.0, 1.0) from id11234 to id11282
[Dialogue policy] Adding outgoing edge : id11284 (1.0, 1.0) from id11282 to id11286
[Dialogue policy] Adding outgoing edge : id11288 (1.0, 1.0) from id11282 to id11290
[Dialogue policy] Adding outgoing edge : id11292 (1.0, 1.0) from id11110 to id11294
[Dialogue policy] Adding outgoing edge : id11296 (1.0, 1.0) from start to id11298
[Dialogue policy] Adding outgoing edge : id11300 (1.0, 1.0) from id11298 to id11302
[Dialogue policy] Adding outgoing edge : id11304 (1.0, 1.0) from id11302 to id11306
[Dialogue policy] Adding outgoing edge : id11308 (1.0, 1.0) from id11306 to id11310
[Dialogue policy] Adding outgoing edge : id11312 (1.0, 1.0) from id11306 to id11314
[Dialogue policy] Adding outgoing edge : id11316 (1.0, 1.0) from id11306 to id11318
[Dialogue policy] Adding outgoing edge : id11320 (1.0, 1.0) from id11306 to id11322
[Dialogue policy] Adding outgoing edge : id11324 (1.0, 1.0) from id11306 to id11326
[Dialogue policy] Adding outgoing edge : id11328 (1.0, 1.0) from id11298 to id11330
[Dialogue policy] Adding outgoing edge : id11332 (1.0, 1.0) from id11330 to id11334
[Dialogue policy] Adding outgoing edge : id11336 (1.0, 1.0) from id11334 to id11338
[Dialogue policy] Adding outgoing edge : id11340 (1.0, 1.0) from id11334 to id11342
[Dialogue policy] Adding outgoing edge : id11344 (1.0, 1.0) from id11334 to id11346
[Dialogue policy] Adding outgoing edge : id11348 (1.0, 1.0) from id11334 to id11350
[Dialogue policy] Adding outgoing edge : id11352 (1.0, 1.0) from id11330 to id11354
[Dialogue policy] Adding outgoing edge : id11356 (1.0, 1.0) from id11354 to id11358
[Dialogue policy] Adding outgoing edge : id11360 (1.0, 1.0) from id11354 to id11362
[Dialogue policy] Adding outgoing edge : id11364 (1.0, 1.0) from id11354 to id11366
[Dialogue policy] Adding outgoing edge : id11368 (1.0, 1.0) from id11354 to id11370
[Dialogue policy] Adding outgoing edge : id11372 (1.0, 1.0) from id11330 to id11374
[Dialogue policy] Adding outgoing edge : id11376 (1.0, 1.0) from id11374 to id11378
[Dialogue policy] Adding outgoing edge : id11380 (1.0, 1.0) from id11330 to id11382
[Dialogue policy] Adding outgoing edge : id11384 (1.0, 1.0) from id11382 to id11386
[Dialogue policy] Adding outgoing edge : id11388 (1.0, 1.0) from id11382 to id11390
[Dialogue policy] Adding outgoing edge : id11392 (1.0, 1.0) from id11330 to id11394
[Dialogue policy] Adding outgoing edge : id11396 (1.0, 1.0) from id11394 to id11398
[Dialogue policy] Adding outgoing edge : id11400 (1.0, 1.0) from id11394 to id11402
[Dialogue policy] Adding outgoing edge : id11404 (1.0, 1.0) from id11394 to id11406
[Dialogue policy] Adding outgoing edge : id11408 (1.0, 1.0) from id11298 to id11410
[Dialogue policy] Adding outgoing edge : id11412 (1.0, 1.0) from id11410 to id11414
[Dialogue policy] Adding outgoing edge : id11416 (1.0, 1.0) from id11410 to id11418
[Dialogue policy] Adding outgoing edge : id11420 (1.0, 1.0) from id11418 to id11422
[Dialogue policy] Adding outgoing edge : id11424 (1.0, 1.0) from id11298 to id11426
[Dialogue policy] Adding outgoing edge : id11428 (1.0, 1.0) from id11426 to id11430
[Dialogue policy] Adding outgoing edge : id11432 (1.0, 1.0) from id11430 to id11434
[Dialogue policy] Adding outgoing edge : id11436 (1.0, 1.0) from id11426 to id11438
[Dialogue policy] Adding outgoing edge : id11440 (1.0, 1.0) from id11438 to id11442
[Dialogue policy] Adding outgoing edge : id11444 (1.0, 1.0) from id11438 to id11446
[Dialogue policy] Adding outgoing edge : id11448 (1.0, 1.0) from id11426 to id11450
[Dialogue policy] Adding outgoing edge : id11452 (1.0, 1.0) from id11426 to id11454
[Dialogue policy] Adding outgoing edge : id11456 (1.0, 1.0) from id11454 to id11458
[Dialogue policy] Adding outgoing edge : id11460 (1.0, 1.0) from id11298 to id11462
[Dialogue policy] Adding outgoing edge : id11464 (1.0, 1.0) from id11462 to id11466
[Dialogue policy] Adding outgoing edge : id11468 (1.0, 1.0) from id11466 to id11470
[Dialogue policy] Adding outgoing edge : id11472 (1.0, 1.0) from id11466 to id11474
[Dialogue policy] Adding outgoing edge : id11476 (1.0, 1.0) from id11462 to id11478
[Dialogue policy] Adding outgoing edge : id11480 (1.0, 1.0) from id11478 to id11482
[Dialogue policy] Adding outgoing edge : id11484 (1.0, 1.0) from id11478 to id11486
[Dialogue policy] Adding outgoing edge : id11488 (1.0, 1.0) from id11478 to id11490
[Dialogue policy] Adding outgoing edge : id11492 (1.0, 1.0) from id11462 to id11494
[Dialogue policy] Adding outgoing edge : id11496 (1.0, 1.0) from id11462 to id11498
[Dialogue policy] Adding outgoing edge : id11500 (1.0, 1.0) from id11498 to id11502
[Dialogue policy] Adding outgoing edge : id11504 (1.0, 1.0) from id11498 to id11506
[Dialogue policy] Adding outgoing edge : id11508 (1.0, 1.0) from id11498 to id11510
[Dialogue policy] Adding outgoing edge : id11512 (1.0, 1.0) from id11498 to id11514
[Dialogue policy] Adding outgoing edge : id11516 (1.0, 1.0) from id11498 to id11518
[Dialogue policy] Adding outgoing edge : id11520 (1.0, 1.0) from id11462 to id11522
[Dialogue policy] Adding outgoing edge : id11524 (1.0, 1.0) from id11522 to id11526
[Dialogue policy] Adding outgoing edge : id11528 (1.0, 1.0) from id11522 to id11530
[Dialogue policy] Adding outgoing edge : id11533 (1.0, 1.0) from start to id11535
[Dialogue policy] Adding outgoing edge : id11537 (1.0, 1.0) from start to id11539
[Dialogue policy] Adding outgoing edge : id11542 (1.0, 1.0) from start to id11544
[Dialogue policy] Adding outgoing edge : id11546 (1.0, 1.0) from id11544 to id11548
[Dialogue policy] Adding outgoing edge : id11550 (1.0, 1.0) from id11548 to id11552
[Dialogue policy] Adding outgoing edge : id11554 (1.0, 1.0) from id11552 to id11556
[Dialogue policy] Adding outgoing edge : id11558 (1.0, 1.0) from id11552 to id11560
[Dialogue policy] Adding outgoing edge : id11562 (1.0, 1.0) from id11552 to id11564
[Dialogue policy] Adding outgoing edge : id11566 (1.0, 1.0) from id11552 to id11568
[Dialogue policy] Adding outgoing edge : id11570 (1.0, 1.0) from id11552 to id11572
[Dialogue policy] Adding outgoing edge : id11574 (1.0, 1.0) from id11544 to id11576
[Dialogue policy] Adding outgoing edge : id11578 (1.0, 1.0) from id11576 to id11580
[Dialogue policy] Adding outgoing edge : id11582 (1.0, 1.0) from id11580 to id11584
[Dialogue policy] Adding outgoing edge : id11586 (1.0, 1.0) from id11544 to id11588
[Dialogue policy] Adding outgoing edge : id11590 (1.0, 1.0) from id11588 to id11592
[Dialogue policy] Adding outgoing edge : id11594 (1.0, 1.0) from id11592 to id11596
[Dialogue policy] Adding outgoing edge : id11598 (1.0, 1.0) from id11592 to id11600
[Dialogue policy] Adding outgoing edge : id11602 (1.0, 1.0) from id11592 to id11604
[Dialogue policy] Adding outgoing edge : id11606 (1.0, 1.0) from id11592 to id11608
[Dialogue policy] Adding outgoing edge : id11610 (1.0, 1.0) from id11592 to id11612
[Dialogue policy] Adding outgoing edge : id11614 (1.0, 1.0) from id11588 to id11616
[Dialogue policy] Adding outgoing edge : id11618 (1.0, 1.0) from id11616 to id11620
[Dialogue policy] Adding outgoing edge : id11622 (1.0, 1.0) from id11616 to id11624
[Dialogue policy] Adding outgoing edge : id11626 (1.0, 1.0) from id11616 to id11628
[Dialogue policy] Adding outgoing edge : id11630 (1.0, 1.0) from id11544 to id11632
[Dialogue policy] Adding outgoing edge : id11634 (1.0, 1.0) from id11632 to id11636
[Dialogue policy] Adding outgoing edge : id11638 (1.0, 1.0) from id11636 to id11640
[Dialogue policy] Adding outgoing edge : id11642 (1.0, 1.0) from id11636 to id11644
[Dialogue policy] Adding outgoing edge : id11646 (1.0, 1.0) from id11636 to id11648
[Dialogue policy] Adding outgoing edge : id11650 (1.0, 1.0) from id11632 to id11652
[Dialogue policy] Adding outgoing edge : id11654 (1.0, 1.0) from id11652 to id11656
[Dialogue policy] Adding outgoing edge : id11658 (1.0, 1.0) from id11652 to id11660
[Dialogue policy] Adding outgoing edge : id11662 (1.0, 1.0) from id11652 to id11664
[Dialogue policy] Adding outgoing edge : id11666 (1.0, 1.0) from id11652 to id11668
[Dialogue policy] Adding outgoing edge : id11670 (1.0, 1.0) from start to id11672
[Dialogue policy] Adding outgoing edge : id11674 (1.0, 1.0) from id11672 to id11676
[Dialogue policy] Adding outgoing edge : id11678 (1.0, 1.0) from id11676 to id11680
[Dialogue policy] Adding outgoing edge : id11682 (1.0, 1.0) from id11680 to id11684
[Dialogue policy] Adding outgoing edge : id11686 (1.0, 1.0) from id11680 to id11688
[Dialogue policy] Adding outgoing edge : id11690 (1.0, 1.0) from id11680 to id11692
[Dialogue policy] Adding outgoing edge : id11694 (1.0, 1.0) from id11676 to id11696
[Dialogue policy] Adding outgoing edge : id11698 (1.0, 1.0) from id11696 to id11700
[Dialogue policy] Adding outgoing edge : id11702 (1.0, 1.0) from id11696 to id11704
[Dialogue policy] Adding outgoing edge : id11706 (1.0, 1.0) from id11676 to id11708
[Dialogue policy] Adding outgoing edge : id11710 (1.0, 1.0) from id11672 to id11712
[Dialogue policy] Adding outgoing edge : id11714 (1.0, 1.0) from id11712 to id11716
[Dialogue policy] Adding outgoing edge : id11718 (1.0, 1.0) from id11716 to id11720
[Dialogue policy] Adding outgoing edge : id11722 (1.0, 1.0) from id11716 to id11724
[Dialogue policy] Adding outgoing edge : id11726 (1.0, 1.0) from id11712 to id11728
[Dialogue policy] Adding outgoing edge : id11730 (1.0, 1.0) from id11728 to id11732
[Dialogue policy] Adding outgoing edge : id11734 (1.0, 1.0) from id11728 to id11736
[Dialogue policy] Adding outgoing edge : id11738 (1.0, 1.0) from id11728 to id11740
[Dialogue policy] Adding outgoing edge : id11742 (1.0, 1.0) from id11712 to id11744
[Dialogue policy] Adding outgoing edge : id11746 (1.0, 1.0) from id11744 to id11748
[Dialogue policy] Adding outgoing edge : id11750 (1.0, 1.0) from id11744 to id11752
[Dialogue policy] Adding outgoing edge : id11754 (1.0, 1.0) from id11672 to id11756
[Dialogue policy] Adding outgoing edge : id11758 (1.0, 1.0) from id11756 to id11760
[Dialogue policy] Adding outgoing edge : id11762 (1.0, 1.0) from id11760 to id11764
[Dialogue policy] Adding outgoing edge : id11766 (1.0, 1.0) from id11760 to id11768
[Dialogue policy] Adding outgoing edge : id11770 (1.0, 1.0) from id11760 to id11772
[Dialogue policy] Adding outgoing edge : id11774 (1.0, 1.0) from id11756 to id11776
[Dialogue policy] Adding outgoing edge : id11778 (1.0, 1.0) from id11776 to id11780
[Dialogue policy] Adding outgoing edge : id11782 (1.0, 1.0) from id11776 to id11784
[Dialogue policy] Adding outgoing edge : id11786 (1.0, 1.0) from id11776 to id11788
[Dialogue policy] Adding outgoing edge : id11790 (1.0, 1.0) from id11756 to id11792
[Dialogue policy] Adding outgoing edge : id11794 (1.0, 1.0) from id11792 to id11796
[Dialogue policy] Adding outgoing edge : id11798 (1.0, 1.0) from id11792 to id11800
[Dialogue policy] Adding outgoing edge : id11802 (1.0, 1.0) from id11756 to id11804
[Dialogue policy] Adding outgoing edge : id11806 (1.0, 1.0) from id11804 to id11808
[Dialogue policy] Adding outgoing edge : id11810 (1.0, 1.0) from id11804 to id11812
[Dialogue policy] Adding outgoing edge : id11814 (1.0, 1.0) from id11804 to id11816
[Dialogue policy] Adding outgoing edge : id11818 (1.0, 1.0) from id11804 to id11820
[Dialogue policy] Adding outgoing edge : id11822 (1.0, 1.0) from id11756 to id11824
[Dialogue policy] Adding outgoing edge : id11826 (1.0, 1.0) from id11824 to id11828
[Dialogue policy] Adding outgoing edge : id11830 (1.0, 1.0) from id11672 to id11832
[Dialogue policy] Adding outgoing edge : id11834 (1.0, 1.0) from id11672 to id11836
[Dialogue policy] Adding outgoing edge : id11838 (1.0, 1.0) from id11836 to id11840
[Dialogue policy] Adding outgoing edge : id11842 (1.0, 1.0) from id11840 to id11844
[Dialogue policy] Adding outgoing edge : id11846 (1.0, 1.0) from id11840 to id11848
[Dialogue policy] Adding outgoing edge : id11850 (1.0, 1.0) from id11840 to id11852
[Dialogue policy] Adding outgoing edge : id11854 (1.0, 1.0) from start to id11856
]]></system-out>

      <system-err />

  </testsuite>
  <testsuite errors="0" failures="0" hostname="host-78-65-194-226.homerun.telia.com" id="5" name="FormulaUtilsTest" package="de.dfki.lt.tr.dialmanagement.utils" tests="13" time="0.28" timestamp="2010-07-16T11:14:05">
      <properties>
[...]
</properties>

      <testcase classname="de.dfki.lt.tr.dialmanagement.utils.FormulaUtilsTest" name="simpleDisjFormula" time="0.022" />

      <testcase classname="de.dfki.lt.tr.dialmanagement.utils.FormulaUtilsTest" name="simpleConjFormula" time="0.0030" />

      <testcase classname="de.dfki.lt.tr.dialmanagement.utils.FormulaUtilsTest" name="simpleElementaryFormula" time="0.0050" />

      <testcase classname="de.dfki.lt.tr.dialmanagement.utils.FormulaUtilsTest" name="simpleElementaryFormula2" time="0.0050" />

      <testcase classname="de.dfki.lt.tr.dialmanagement.utils.FormulaUtilsTest" name="embeddedFormula" time="0.0030" />

      <testcase classname="de.dfki.lt.tr.dialmanagement.utils.FormulaUtilsTest" name="simpleModalFormula" time="0.0050" />

      <testcase classname="de.dfki.lt.tr.dialmanagement.utils.FormulaUtilsTest" name="simpleModalFormula2" time="0.0030" />

      <testcase classname="de.dfki.lt.tr.dialmanagement.utils.FormulaUtilsTest" name="complexFormula" time="0.0030" />

      <testcase classname="de.dfki.lt.tr.dialmanagement.utils.FormulaUtilsTest" name="brackettedFormula" time="0.0060" />

      <testcase classname="de.dfki.lt.tr.dialmanagement.utils.FormulaUtilsTest" name="negatedFormula" time="0.0040" />

      <testcase classname="de.dfki.lt.tr.dialmanagement.utils.FormulaUtilsTest" name="intFormula" time="0.0030" />

      <testcase classname="de.dfki.lt.tr.dialmanagement.utils.FormulaUtilsTest" name="floatFormula" time="0.0030" />

      <testcase classname="de.dfki.lt.tr.dialmanagement.utils.FormulaUtilsTest" name="booleanFormula" time="0.0030" />

      <system-out><![CDATA[STRING TO PROCESS: blabla v bloblo v blibli
STRING TO PROCESS: blabla ^ bloblo ^ blibli
de.dfki.lt.tr.beliefs.slice.logicalcontent.ComplexFormula
STRING TO PROCESS:  " blabla bla bli blou " 
STRING TO PROCESS: blabla bla bli blou BLO
STRING TO PROCESS: blabla v  ( blibli ^ blo ^ bla )  v blibli
STRING TO PROCESS:  < op >  blabla
STRING TO PROCESS:  < op >   ( blabla ^ bloblo ) 
STRING TO PROCESS: prop1 ^  < op1 >   ( prop2 ^  < op2 >  prop3 )  ^ prop4
STRING TO PROCESS:  ( prop1 ^ prop2 ) 
STRING TO PROCESS: !  ( prop1 ^ prop2 ) 
STRING TO PROCESS: 34
STRING TO PROCESS: 0.36f
0.36
STRING TO PROCESS: false
]]></system-out>

      <system-err><![CDATA[de.dfki.lt.tr.dialmanagement.utils.formulaParser.ParseException: Encountered "bla" at line 1, column 8.
Was expecting one of:
    <EOF> 
    "^" ...
    "v" ...
    
	at de.dfki.lt.tr.dialmanagement.utils.formulaParser.FormulaParser.generateParseException(FormulaParser.java:722)
	at de.dfki.lt.tr.dialmanagement.utils.formulaParser.FormulaParser.jj_consume_token(FormulaParser.java:605)
	at de.dfki.lt.tr.dialmanagement.utils.formulaParser.FormulaParser.Input(FormulaParser.java:212)
	at de.dfki.lt.tr.dialmanagement.utils.FormulaUtils.getFormulaFromString(FormulaUtils.java:101)
	at de.dfki.lt.tr.dialmanagement.utils.FormulaUtils.constructFormula(FormulaUtils.java:71)
	at de.dfki.lt.tr.dialmanagement.utils.FormulaUtilsTest.simpleElementaryFormula2(FormulaUtilsTest.java:93)
	at sun.reflect.NativeMethodAccessorImpl.invoke0(Native Method)
	at sun.reflect.NativeMethodAccessorImpl.invoke(NativeMethodAccessorImpl.java:39)
	at sun.reflect.DelegatingMethodAccessorImpl.invoke(DelegatingMethodAccessorImpl.java:25)
	at java.lang.reflect.Method.invoke(Method.java:597)
	at org.junit.internal.runners.TestMethod.invoke(TestMethod.java:59)
	at org.junit.internal.runners.MethodRoadie.runTestMethod(MethodRoadie.java:98)
	at org.junit.internal.runners.MethodRoadie$2.run(MethodRoadie.java:79)
	at org.junit.internal.runners.MethodRoadie.runBeforesThenTestThenAfters(MethodRoadie.java:87)
	at org.junit.internal.runners.MethodRoadie.runTest(MethodRoadie.java:77)
	at org.junit.internal.runners.MethodRoadie.run(MethodRoadie.java:42)
	at org.junit.internal.runners.JUnit4ClassRunner.invokeTestMethod(JUnit4ClassRunner.java:88)
	at org.junit.internal.runners.JUnit4ClassRunner.runMethods(JUnit4ClassRunner.java:51)
	at org.junit.internal.runners.JUnit4ClassRunner$1.run(JUnit4ClassRunner.java:44)
	at org.junit.internal.runners.ClassRoadie.runUnprotected(ClassRoadie.java:27)
	at org.junit.internal.runners.ClassRoadie.runProtected(ClassRoadie.java:37)
	at org.junit.internal.runners.JUnit4ClassRunner.run(JUnit4ClassRunner.java:42)
	at junit.framework.JUnit4TestAdapter.run(JUnit4TestAdapter.java:36)
	at org.apache.tools.ant.taskdefs.optional.junit.JUnitTestRunner.run(JUnitTestRunner.java:420)
	at org.apache.tools.ant.taskdefs.optional.junit.JUnitTestRunner.launch(JUnitTestRunner.java:911)
	at org.apache.tools.ant.taskdefs.optional.junit.JUnitTestRunner.main(JUnitTestRunner.java:768)
]]></system-err>

  </testsuite>
  <testsuite errors="0" failures="0" hostname="host-78-65-194-226.homerun.telia.com" id="6" name="PolicyFileReaderTest" package="de.dfki.lt.tr.dialmanagement.utils" tests="1" time="0.208" timestamp="2010-07-16T11:14:06">
      <properties>
[...]
</properties>

      <testcase classname="de.dfki.lt.tr.dialmanagement.utils.PolicyFileReaderTest" name="readSimplePolicy" time="0.012" />

      <system-out><![CDATA[[Dialogue policy] Adding outgoing edge : one (0.0, 1.0) from start to action1
[Dialogue policy] Adding outgoing edge : two (0.0, 1.0) from start to action1
[Dialogue policy] Adding outgoing edge : three (0.0, 1.0) from start to action2
[Dialogue policy] Adding outgoing edge : four (0.0, 1.0) from action1 to end1
[Dialogue policy] Adding outgoing edge : five (0.0, 1.0) from action2 to action3
[Dialogue policy] Adding outgoing edge : six (0.0, 1.0) from action3 to end2
]]></system-out>

      <system-err />

  </testsuite>
</testsuites>
