<?xml version="1.0" encoding="UTF-8" ?>
<testsuite errors="0" failures="0" hostname="host-78-65-194-226.homerun.telia.com" name="de.dfki.lt.tr.dialmanagement.utils.FormulaUtilsTest" tests="13" time="0.28" timestamp="2010-07-16T11:14:05">
  <properties>
[...]
</properties>
  <testcase classname="de.dfki.lt.tr.dialmanagement.utils.FormulaUtilsTest" name="simpleDisjFormula" time="0.022" />
  <testcase classname="de.dfki.lt.tr.dialmanagement.utils.FormulaUtilsTest" name="simpleConjFormula" time="0.0030" />
  <testcase classname="de.dfki.lt.tr.dialmanagement.utils.FormulaUtilsTest" name="simpleElementaryFormula" time="0.0050" />
  <testcase classname="de.dfki.lt.tr.dialmanagement.utils.FormulaUtilsTest" name="simpleElementaryFormula2" time="0.0050" />
  <testcase classname="de.dfki.lt.tr.dialmanagement.utils.FormulaUtilsTest" name="embeddedFormula" time="0.0030" />
  <testcase classname="de.dfki.lt.tr.dialmanagement.utils.FormulaUtilsTest" name="simpleModalFormula" time="0.0050" />
  <testcase classname="de.dfki.lt.tr.dialmanagement.utils.FormulaUtilsTest" name="simpleModalFormula2" time="0.0030" />
  <testcase classname="de.dfki.lt.tr.dialmanagement.utils.FormulaUtilsTest" name="complexFormula" time="0.0030" />
  <testcase classname="de.dfki.lt.tr.dialmanagement.utils.FormulaUtilsTest" name="brackettedFormula" time="0.0060" />
  <testcase classname="de.dfki.lt.tr.dialmanagement.utils.FormulaUtilsTest" name="negatedFormula" time="0.0040" />
  <testcase classname="de.dfki.lt.tr.dialmanagement.utils.FormulaUtilsTest" name="intFormula" time="0.0030" />
  <testcase classname="de.dfki.lt.tr.dialmanagement.utils.FormulaUtilsTest" name="floatFormula" time="0.0030" />
  <testcase classname="de.dfki.lt.tr.dialmanagement.utils.FormulaUtilsTest" name="booleanFormula" time="0.0030" />
  <system-out><![CDATA[STRING TO PROCESS: blabla v bloblo v blibli
STRING TO PROCESS: blabla ^ bloblo ^ blibli
de.dfki.lt.tr.beliefs.slice.logicalcontent.ComplexFormula
STRING TO PROCESS:  " blabla bla bli blou " 
STRING TO PROCESS: blabla bla bli blou BLO
STRING TO PROCESS: blabla v  ( blibli ^ blo ^ bla )  v blibli
STRING TO PROCESS:  < op >  blabla
STRING TO PROCESS:  < op >   ( blabla ^ bloblo ) 
STRING TO PROCESS: prop1 ^  < op1 >   ( prop2 ^  < op2 >  prop3 )  ^ prop4
STRING TO PROCESS:  ( prop1 ^ prop2 ) 
STRING TO PROCESS: !  ( prop1 ^ prop2 ) 
STRING TO PROCESS: 34
STRING TO PROCESS: 0.36f
0.36
STRING TO PROCESS: false
]]></system-out>
  <system-err><![CDATA[de.dfki.lt.tr.dialmanagement.utils.formulaParser.ParseException: Encountered "bla" at line 1, column 8.
Was expecting one of:
    <EOF> 
    "^" ...
    "v" ...
    
	at de.dfki.lt.tr.dialmanagement.utils.formulaParser.FormulaParser.generateParseException(FormulaParser.java:722)
	at de.dfki.lt.tr.dialmanagement.utils.formulaParser.FormulaParser.jj_consume_token(FormulaParser.java:605)
	at de.dfki.lt.tr.dialmanagement.utils.formulaParser.FormulaParser.Input(FormulaParser.java:212)
	at de.dfki.lt.tr.dialmanagement.utils.FormulaUtils.getFormulaFromString(FormulaUtils.java:101)
	at de.dfki.lt.tr.dialmanagement.utils.FormulaUtils.constructFormula(FormulaUtils.java:71)
	at de.dfki.lt.tr.dialmanagement.utils.FormulaUtilsTest.simpleElementaryFormula2(FormulaUtilsTest.java:93)
	at sun.reflect.NativeMethodAccessorImpl.invoke0(Native Method)
	at sun.reflect.NativeMethodAccessorImpl.invoke(NativeMethodAccessorImpl.java:39)
	at sun.reflect.DelegatingMethodAccessorImpl.invoke(DelegatingMethodAccessorImpl.java:25)
	at java.lang.reflect.Method.invoke(Method.java:597)
	at org.junit.internal.runners.TestMethod.invoke(TestMethod.java:59)
	at org.junit.internal.runners.MethodRoadie.runTestMethod(MethodRoadie.java:98)
	at org.junit.internal.runners.MethodRoadie$2.run(MethodRoadie.java:79)
	at org.junit.internal.runners.MethodRoadie.runBeforesThenTestThenAfters(MethodRoadie.java:87)
	at org.junit.internal.runners.MethodRoadie.runTest(MethodRoadie.java:77)
	at org.junit.internal.runners.MethodRoadie.run(MethodRoadie.java:42)
	at org.junit.internal.runners.JUnit4ClassRunner.invokeTestMethod(JUnit4ClassRunner.java:88)
	at org.junit.internal.runners.JUnit4ClassRunner.runMethods(JUnit4ClassRunner.java:51)
	at org.junit.internal.runners.JUnit4ClassRunner$1.run(JUnit4ClassRunner.java:44)
	at org.junit.internal.runners.ClassRoadie.runUnprotected(ClassRoadie.java:27)
	at org.junit.internal.runners.ClassRoadie.runProtected(ClassRoadie.java:37)
	at org.junit.internal.runners.JUnit4ClassRunner.run(JUnit4ClassRunner.java:42)
	at junit.framework.JUnit4TestAdapter.run(JUnit4TestAdapter.java:36)
	at org.apache.tools.ant.taskdefs.optional.junit.JUnitTestRunner.run(JUnitTestRunner.java:420)
	at org.apache.tools.ant.taskdefs.optional.junit.JUnitTestRunner.launch(JUnitTestRunner.java:911)
	at org.apache.tools.ant.taskdefs.optional.junit.JUnitTestRunner.main(JUnitTestRunner.java:768)
]]></system-err>
</testsuite>
